{"/Users/anthonyshaw/projects/vscode-pets/out/panel/pets.js":{"path":"/Users/anthonyshaw/projects/vscode-pets/out/panel/pets.js","statementMap":{"0":{"start":{"line":2,"column":0},"end":{"line":2,"column":62}},"1":{"start":{"line":3,"column":0},"end":{"line":3,"column":300}},"2":{"start":{"line":4,"column":17},"end":{"line":4,"column":36}},"3":{"start":{"line":7,"column":0},"end":{"line":7,"column":54}},"4":{"start":{"line":16,"column":8},"end":{"line":16,"column":25}},"5":{"start":{"line":17,"column":8},"end":{"line":17,"column":32}},"6":{"start":{"line":18,"column":8},"end":{"line":18,"column":29}},"7":{"start":{"line":19,"column":8},"end":{"line":19,"column":48}},"8":{"start":{"line":20,"column":8},"end":{"line":20,"column":46}},"9":{"start":{"line":23,"column":8},"end":{"line":23,"column":21}},"10":{"start":{"line":24,"column":8},"end":{"line":24,"column":35}},"11":{"start":{"line":25,"column":8},"end":{"line":25,"column":29}},"12":{"start":{"line":26,"column":8},"end":{"line":26,"column":23}},"13":{"start":{"line":27,"column":8},"end":{"line":27,"column":27}},"14":{"start":{"line":28,"column":8},"end":{"line":28,"column":25}},"15":{"start":{"line":31,"column":0},"end":{"line":31,"column":32}},"16":{"start":{"line":35,"column":8},"end":{"line":35,"column":34}},"17":{"start":{"line":38,"column":8},"end":{"line":38,"column":26}},"18":{"start":{"line":41,"column":8},"end":{"line":41,"column":29}},"19":{"start":{"line":44,"column":8},"end":{"line":46,"column":11}},"20":{"start":{"line":45,"column":12},"end":{"line":45,"column":25}},"21":{"start":{"line":47,"column":8},"end":{"line":47,"column":24}},"22":{"start":{"line":50,"column":8},"end":{"line":52,"column":11}},"23":{"start":{"line":51,"column":12},"end":{"line":51,"column":50}},"24":{"start":{"line":55,"column":8},"end":{"line":59,"column":11}},"25":{"start":{"line":56,"column":12},"end":{"line":58,"column":13}},"26":{"start":{"line":57,"column":16},"end":{"line":57,"column":29}},"27":{"start":{"line":60,"column":8},"end":{"line":62,"column":11}},"28":{"start":{"line":61,"column":12},"end":{"line":61,"column":43}},"29":{"start":{"line":65,"column":8},"end":{"line":67,"column":9}},"30":{"start":{"line":66,"column":12},"end":{"line":66,"column":22}},"31":{"start":{"line":68,"column":23},"end":{"line":68,"column":35}},"32":{"start":{"line":69,"column":8},"end":{"line":91,"column":11}},"33":{"start":{"line":70,"column":12},"end":{"line":72,"column":13}},"34":{"start":{"line":71,"column":16},"end":{"line":71,"column":23}},"35":{"start":{"line":73,"column":12},"end":{"line":90,"column":15}},"36":{"start":{"line":74,"column":16},"end":{"line":76,"column":17}},"37":{"start":{"line":75,"column":20},"end":{"line":75,"column":27}},"38":{"start":{"line":77,"column":16},"end":{"line":79,"column":17}},"39":{"start":{"line":78,"column":20},"end":{"line":78,"column":27}},"40":{"start":{"line":80,"column":16},"end":{"line":89,"column":17}},"41":{"start":{"line":84,"column":20},"end":{"line":84,"column":123}},"42":{"start":{"line":85,"column":20},"end":{"line":88,"column":21}},"43":{"start":{"line":86,"column":24},"end":{"line":86,"column":73}},"44":{"start":{"line":87,"column":24},"end":{"line":87,"column":73}},"45":{"start":{"line":92,"column":8},"end":{"line":92,"column":24}},"46":{"start":{"line":95,"column":0},"end":{"line":95,"column":38}},"47":{"start":{"line":97,"column":4},"end":{"line":108,"column":5}},"48":{"start":{"line":98,"column":8},"end":{"line":98,"column":18}},"49":{"start":{"line":100,"column":9},"end":{"line":108,"column":5}},"50":{"start":{"line":101,"column":8},"end":{"line":101,"column":18}},"51":{"start":{"line":103,"column":9},"end":{"line":108,"column":5}},"52":{"start":{"line":104,"column":8},"end":{"line":104,"column":19}},"53":{"start":{"line":107,"column":8},"end":{"line":107,"column":18}},"54":{"start":{"line":111,"column":12},"end":{"line":111,"column":18}},"55":{"start":{"line":112,"column":19},"end":{"line":112,"column":20}},"56":{"start":{"line":113,"column":15},"end":{"line":116,"column":5}},"57":{"start":{"line":133,"column":8},"end":{"line":133,"column":32}},"58":{"start":{"line":134,"column":8},"end":{"line":134,"column":42}},"59":{"start":{"line":135,"column":8},"end":{"line":135,"column":36}},"60":{"start":{"line":136,"column":8},"end":{"line":136,"column":31}},"61":{"start":{"line":137,"column":8},"end":{"line":137,"column":28}},"62":{"start":{"line":138,"column":8},"end":{"line":138,"column":26}},"63":{"start":{"line":139,"column":8},"end":{"line":139,"column":30}},"64":{"start":{"line":140,"column":8},"end":{"line":140,"column":44}},"65":{"start":{"line":141,"column":8},"end":{"line":141,"column":60}},"66":{"start":{"line":142,"column":8},"end":{"line":142,"column":84}},"67":{"start":{"line":143,"column":8},"end":{"line":143,"column":26}},"68":{"start":{"line":144,"column":8},"end":{"line":144,"column":26}},"69":{"start":{"line":145,"column":8},"end":{"line":145,"column":49}},"70":{"start":{"line":147,"column":8},"end":{"line":147,"column":36}},"71":{"start":{"line":150,"column":8},"end":{"line":150,"column":41}},"72":{"start":{"line":151,"column":8},"end":{"line":151,"column":45}},"73":{"start":{"line":152,"column":8},"end":{"line":152,"column":37}},"74":{"start":{"line":153,"column":8},"end":{"line":153,"column":38}},"75":{"start":{"line":154,"column":8},"end":{"line":154,"column":70}},"76":{"start":{"line":155,"column":8},"end":{"line":155,"column":71}},"77":{"start":{"line":156,"column":8},"end":{"line":156,"column":48}},"78":{"start":{"line":157,"column":8},"end":{"line":157,"column":52}},"79":{"start":{"line":158,"column":8},"end":{"line":158,"column":74}},"80":{"start":{"line":159,"column":8},"end":{"line":159,"column":75}},"81":{"start":{"line":160,"column":8},"end":{"line":160,"column":45}},"82":{"start":{"line":161,"column":8},"end":{"line":161,"column":81}},"83":{"start":{"line":162,"column":8},"end":{"line":162,"column":32}},"84":{"start":{"line":165,"column":8},"end":{"line":165,"column":26}},"85":{"start":{"line":168,"column":8},"end":{"line":168,"column":28}},"86":{"start":{"line":171,"column":8},"end":{"line":171,"column":54}},"87":{"start":{"line":172,"column":8},"end":{"line":172,"column":58}},"88":{"start":{"line":173,"column":8},"end":{"line":173,"column":51}},"89":{"start":{"line":174,"column":8},"end":{"line":174,"column":90}},"90":{"start":{"line":177,"column":8},"end":{"line":177,"column":30}},"91":{"start":{"line":178,"column":8},"end":{"line":178,"column":51}},"92":{"start":{"line":179,"column":8},"end":{"line":179,"column":46}},"93":{"start":{"line":182,"column":8},"end":{"line":182,"column":26}},"94":{"start":{"line":183,"column":8},"end":{"line":183,"column":47}},"95":{"start":{"line":184,"column":8},"end":{"line":184,"column":46}},"96":{"start":{"line":187,"column":8},"end":{"line":187,"column":29}},"97":{"start":{"line":190,"column":8},"end":{"line":190,"column":27}},"98":{"start":{"line":194,"column":8},"end":{"line":194,"column":33}},"99":{"start":{"line":197,"column":8},"end":{"line":197,"column":59}},"100":{"start":{"line":200,"column":8},"end":{"line":200,"column":27}},"101":{"start":{"line":203,"column":20},"end":{"line":203,"column":31}},"102":{"start":{"line":204,"column":20},"end":{"line":204,"column":31}},"103":{"start":{"line":205,"column":25},"end":{"line":205,"column":58}},"104":{"start":{"line":206,"column":8},"end":{"line":206,"column":24}},"105":{"start":{"line":209,"column":8},"end":{"line":209,"column":54}},"106":{"start":{"line":213,"column":8},"end":{"line":213,"column":30}},"107":{"start":{"line":218,"column":8},"end":{"line":218,"column":90}},"108":{"start":{"line":219,"column":8},"end":{"line":219,"column":84}},"109":{"start":{"line":220,"column":8},"end":{"line":224,"column":9}},"110":{"start":{"line":223,"column":12},"end":{"line":223,"column":46}},"111":{"start":{"line":227,"column":8},"end":{"line":227,"column":72}},"112":{"start":{"line":230,"column":8},"end":{"line":232,"column":29}},"113":{"start":{"line":235,"column":8},"end":{"line":235,"column":40}},"114":{"start":{"line":236,"column":8},"end":{"line":236,"column":44}},"115":{"start":{"line":237,"column":8},"end":{"line":239,"column":21}},"116":{"start":{"line":238,"column":12},"end":{"line":238,"column":36}},"117":{"start":{"line":242,"column":8},"end":{"line":242,"column":43}},"118":{"start":{"line":245,"column":8},"end":{"line":247,"column":9}},"119":{"start":{"line":246,"column":12},"end":{"line":246,"column":19}},"120":{"start":{"line":248,"column":8},"end":{"line":248,"column":43}},"121":{"start":{"line":249,"column":8},"end":{"line":249,"column":51}},"122":{"start":{"line":250,"column":8},"end":{"line":250,"column":59}},"123":{"start":{"line":251,"column":8},"end":{"line":251,"column":84}},"124":{"start":{"line":252,"column":8},"end":{"line":252,"column":36}},"125":{"start":{"line":255,"column":8},"end":{"line":255,"column":59}},"126":{"start":{"line":256,"column":8},"end":{"line":256,"column":77}},"127":{"start":{"line":259,"column":8},"end":{"line":259,"column":47}},"128":{"start":{"line":262,"column":8},"end":{"line":262,"column":46}},"129":{"start":{"line":265,"column":8},"end":{"line":267,"column":9}},"130":{"start":{"line":266,"column":12},"end":{"line":266,"column":19}},"131":{"start":{"line":268,"column":8},"end":{"line":268,"column":57}},"132":{"start":{"line":272,"column":33},"end":{"line":272,"column":42}},"133":{"start":{"line":273,"column":8},"end":{"line":278,"column":9}},"134":{"start":{"line":273,"column":21},"end":{"line":273,"column":22}},"135":{"start":{"line":274,"column":12},"end":{"line":277,"column":13}},"136":{"start":{"line":275,"column":16},"end":{"line":276,"column":71}},"137":{"start":{"line":279,"column":8},"end":{"line":281,"column":9}},"138":{"start":{"line":280,"column":12},"end":{"line":280,"column":46}},"139":{"start":{"line":283,"column":20},"end":{"line":283,"column":73}},"140":{"start":{"line":284,"column":8},"end":{"line":284,"column":39}},"141":{"start":{"line":287,"column":8},"end":{"line":292,"column":9}},"142":{"start":{"line":288,"column":12},"end":{"line":288,"column":28}},"143":{"start":{"line":290,"column":13},"end":{"line":292,"column":9}},"144":{"start":{"line":291,"column":12},"end":{"line":291,"column":29}},"145":{"start":{"line":293,"column":8},"end":{"line":293,"column":57}},"146":{"start":{"line":295,"column":8},"end":{"line":304,"column":9}},"147":{"start":{"line":298,"column":12},"end":{"line":303,"column":13}},"148":{"start":{"line":300,"column":16},"end":{"line":300,"column":110}},"149":{"start":{"line":301,"column":16},"end":{"line":301,"column":80}},"150":{"start":{"line":302,"column":16},"end":{"line":302,"column":23}},"151":{"start":{"line":305,"column":26},"end":{"line":305,"column":55}},"152":{"start":{"line":306,"column":8},"end":{"line":330,"column":9}},"153":{"start":{"line":308,"column":12},"end":{"line":314,"column":13}},"154":{"start":{"line":309,"column":16},"end":{"line":309,"column":51}},"155":{"start":{"line":310,"column":16},"end":{"line":310,"column":59}},"156":{"start":{"line":311,"column":16},"end":{"line":311,"column":43}},"157":{"start":{"line":312,"column":16},"end":{"line":312,"column":47}},"158":{"start":{"line":313,"column":16},"end":{"line":313,"column":23}},"159":{"start":{"line":315,"column":28},"end":{"line":315,"column":71}},"160":{"start":{"line":316,"column":12},"end":{"line":316,"column":76}},"161":{"start":{"line":317,"column":12},"end":{"line":317,"column":46}},"162":{"start":{"line":319,"column":13},"end":{"line":330,"column":9}},"163":{"start":{"line":320,"column":12},"end":{"line":329,"column":13}},"164":{"start":{"line":321,"column":32},"end":{"line":321,"column":96}},"165":{"start":{"line":322,"column":16},"end":{"line":322,"column":80}},"166":{"start":{"line":323,"column":16},"end":{"line":323,"column":50}},"167":{"start":{"line":325,"column":17},"end":{"line":329,"column":13}},"168":{"start":{"line":326,"column":32},"end":{"line":326,"column":96}},"169":{"start":{"line":327,"column":16},"end":{"line":327,"column":80}},"170":{"start":{"line":328,"column":16},"end":{"line":328,"column":50}},"171":{"start":{"line":333,"column":8},"end":{"line":333,"column":42}},"172":{"start":{"line":336,"column":8},"end":{"line":336,"column":28}},"173":{"start":{"line":339,"column":8},"end":{"line":339,"column":26}},"174":{"start":{"line":342,"column":8},"end":{"line":342,"column":30}},"175":{"start":{"line":343,"column":8},"end":{"line":343,"column":78}},"176":{"start":{"line":344,"column":8},"end":{"line":344,"column":20}},"177":{"start":{"line":347,"column":8},"end":{"line":349,"column":76}},"178":{"start":{"line":352,"column":8},"end":{"line":352,"column":20}},"179":{"start":{"line":356,"column":12},"end":{"line":356,"column":20}},"180":{"start":{"line":357,"column":15},"end":{"line":409,"column":5}},"181":{"start":{"line":411,"column":8},"end":{"line":411,"column":20}},"182":{"start":{"line":414,"column":8},"end":{"line":414,"column":73}},"183":{"start":{"line":417,"column":0},"end":{"line":417,"column":24}},"184":{"start":{"line":419,"column":12},"end":{"line":419,"column":17}},"185":{"start":{"line":420,"column":15},"end":{"line":487,"column":5}},"186":{"start":{"line":489,"column":8},"end":{"line":489,"column":20}},"187":{"start":{"line":492,"column":8},"end":{"line":492,"column":31}},"188":{"start":{"line":495,"column":0},"end":{"line":495,"column":18}},"189":{"start":{"line":497,"column":12},"end":{"line":497,"column":17}},"190":{"start":{"line":498,"column":15},"end":{"line":553,"column":5}},"191":{"start":{"line":555,"column":8},"end":{"line":555,"column":20}},"192":{"start":{"line":559,"column":8},"end":{"line":559,"column":110}},"193":{"start":{"line":562,"column":0},"end":{"line":562,"column":18}},"194":{"start":{"line":564,"column":12},"end":{"line":564,"column":19}},"195":{"start":{"line":565,"column":15},"end":{"line":610,"column":5}},"196":{"start":{"line":612,"column":8},"end":{"line":612,"column":20}},"197":{"start":{"line":615,"column":8},"end":{"line":615,"column":53}},"198":{"start":{"line":618,"column":0},"end":{"line":618,"column":22}},"199":{"start":{"line":620,"column":12},"end":{"line":620,"column":20}},"200":{"start":{"line":621,"column":15},"end":{"line":658,"column":5}},"201":{"start":{"line":660,"column":8},"end":{"line":660,"column":20}},"202":{"start":{"line":663,"column":8},"end":{"line":663,"column":76}},"203":{"start":{"line":666,"column":0},"end":{"line":666,"column":24}},"204":{"start":{"line":668,"column":12},"end":{"line":668,"column":25}},"205":{"start":{"line":669,"column":15},"end":{"line":706,"column":5}},"206":{"start":{"line":708,"column":8},"end":{"line":708,"column":20}},"207":{"start":{"line":711,"column":8},"end":{"line":711,"column":49}},"208":{"start":{"line":714,"column":0},"end":{"line":714,"column":32}},"209":{"start":{"line":716,"column":12},"end":{"line":716,"column":23}},"210":{"start":{"line":717,"column":15},"end":{"line":754,"column":5}},"211":{"start":{"line":756,"column":8},"end":{"line":756,"column":20}},"212":{"start":{"line":760,"column":8},"end":{"line":760,"column":33}},"213":{"start":{"line":763,"column":0},"end":{"line":763,"column":30}},"214":{"start":{"line":765,"column":12},"end":{"line":765,"column":18}},"215":{"start":{"line":766,"column":15},"end":{"line":803,"column":5}},"216":{"start":{"line":805,"column":8},"end":{"line":805,"column":20}},"217":{"start":{"line":808,"column":8},"end":{"line":808,"column":57}},"218":{"start":{"line":811,"column":0},"end":{"line":811,"column":20}},"219":{"start":{"line":813,"column":12},"end":{"line":813,"column":19}},"220":{"start":{"line":814,"column":15},"end":{"line":851,"column":5}},"221":{"start":{"line":853,"column":8},"end":{"line":853,"column":19}},"222":{"start":{"line":857,"column":8},"end":{"line":857,"column":98}},"223":{"start":{"line":860,"column":0},"end":{"line":860,"column":22}},"224":{"start":{"line":862,"column":12},"end":{"line":862,"column":19}},"225":{"start":{"line":863,"column":15},"end":{"line":879,"column":5}},"226":{"start":{"line":881,"column":8},"end":{"line":881,"column":20}},"227":{"start":{"line":884,"column":8},"end":{"line":884,"column":21}},"228":{"start":{"line":887,"column":8},"end":{"line":887,"column":45}},"229":{"start":{"line":890,"column":0},"end":{"line":890,"column":22}},"230":{"start":{"line":894,"column":8},"end":{"line":894,"column":31}},"231":{"start":{"line":897,"column":0},"end":{"line":897,"column":50}},"232":{"start":{"line":899,"column":4},"end":{"line":901,"column":5}},"233":{"start":{"line":900,"column":8},"end":{"line":900,"column":59}},"234":{"start":{"line":902,"column":4},"end":{"line":904,"column":5}},"235":{"start":{"line":903,"column":8},"end":{"line":903,"column":116}},"236":{"start":{"line":905,"column":4},"end":{"line":931,"column":5}},"237":{"start":{"line":906,"column":8},"end":{"line":906,"column":113}},"238":{"start":{"line":908,"column":9},"end":{"line":931,"column":5}},"239":{"start":{"line":909,"column":8},"end":{"line":909,"column":113}},"240":{"start":{"line":911,"column":9},"end":{"line":931,"column":5}},"241":{"start":{"line":912,"column":8},"end":{"line":912,"column":117}},"242":{"start":{"line":914,"column":9},"end":{"line":931,"column":5}},"243":{"start":{"line":915,"column":8},"end":{"line":915,"column":114}},"244":{"start":{"line":917,"column":9},"end":{"line":931,"column":5}},"245":{"start":{"line":918,"column":8},"end":{"line":918,"column":119}},"246":{"start":{"line":920,"column":9},"end":{"line":931,"column":5}},"247":{"start":{"line":921,"column":8},"end":{"line":921,"column":112}},"248":{"start":{"line":923,"column":9},"end":{"line":931,"column":5}},"249":{"start":{"line":924,"column":8},"end":{"line":924,"column":118}},"250":{"start":{"line":926,"column":9},"end":{"line":931,"column":5}},"251":{"start":{"line":927,"column":8},"end":{"line":927,"column":117}},"252":{"start":{"line":929,"column":9},"end":{"line":931,"column":5}},"253":{"start":{"line":930,"column":8},"end":{"line":930,"column":114}},"254":{"start":{"line":932,"column":4},"end":{"line":932,"column":60}},"255":{"start":{"line":934,"column":0},"end":{"line":934,"column":30}}},"fnMap":{"0":{"name":"(anonymous_0)","decl":{"start":{"line":15,"column":4},"end":{"line":15,"column":5}},"loc":{"start":{"line":15,"column":13},"end":{"line":21,"column":5}},"line":15},"1":{"name":"(anonymous_1)","decl":{"start":{"line":22,"column":4},"end":{"line":22,"column":5}},"loc":{"start":{"line":22,"column":57},"end":{"line":29,"column":5}},"line":22},"2":{"name":"(anonymous_2)","decl":{"start":{"line":34,"column":4},"end":{"line":34,"column":5}},"loc":{"start":{"line":34,"column":18},"end":{"line":36,"column":5}},"line":34},"3":{"name":"(anonymous_3)","decl":{"start":{"line":37,"column":4},"end":{"line":37,"column":5}},"loc":{"start":{"line":37,"column":11},"end":{"line":39,"column":5}},"line":37},"4":{"name":"(anonymous_4)","decl":{"start":{"line":40,"column":4},"end":{"line":40,"column":5}},"loc":{"start":{"line":40,"column":14},"end":{"line":42,"column":5}},"line":40},"5":{"name":"(anonymous_5)","decl":{"start":{"line":43,"column":4},"end":{"line":43,"column":5}},"loc":{"start":{"line":43,"column":12},"end":{"line":48,"column":5}},"line":43},"6":{"name":"(anonymous_6)","decl":{"start":{"line":44,"column":27},"end":{"line":44,"column":28}},"loc":{"start":{"line":44,"column":36},"end":{"line":46,"column":9}},"line":44},"7":{"name":"(anonymous_7)","decl":{"start":{"line":49,"column":4},"end":{"line":49,"column":5}},"loc":{"start":{"line":49,"column":17},"end":{"line":53,"column":5}},"line":49},"8":{"name":"(anonymous_8)","decl":{"start":{"line":50,"column":31},"end":{"line":50,"column":32}},"loc":{"start":{"line":50,"column":47},"end":{"line":52,"column":9}},"line":50},"9":{"name":"(anonymous_9)","decl":{"start":{"line":54,"column":4},"end":{"line":54,"column":5}},"loc":{"start":{"line":54,"column":17},"end":{"line":63,"column":5}},"line":54},"10":{"name":"(anonymous_10)","decl":{"start":{"line":55,"column":27},"end":{"line":55,"column":28}},"loc":{"start":{"line":55,"column":36},"end":{"line":59,"column":9}},"line":55},"11":{"name":"(anonymous_11)","decl":{"start":{"line":60,"column":39},"end":{"line":60,"column":40}},"loc":{"start":{"line":60,"column":48},"end":{"line":62,"column":9}},"line":60},"12":{"name":"(anonymous_12)","decl":{"start":{"line":64,"column":4},"end":{"line":64,"column":5}},"loc":{"start":{"line":64,"column":21},"end":{"line":93,"column":5}},"line":64},"13":{"name":"(anonymous_13)","decl":{"start":{"line":69,"column":27},"end":{"line":69,"column":28}},"loc":{"start":{"line":69,"column":48},"end":{"line":91,"column":9}},"line":69},"14":{"name":"(anonymous_14)","decl":{"start":{"line":73,"column":31},"end":{"line":73,"column":32}},"loc":{"start":{"line":73,"column":52},"end":{"line":90,"column":13}},"line":73},"15":{"name":"calculateSpriteWidth","decl":{"start":{"line":96,"column":9},"end":{"line":96,"column":29}},"loc":{"start":{"line":96,"column":36},"end":{"line":109,"column":1}},"line":96},"16":{"name":"(anonymous_16)","decl":{"start":{"line":132,"column":4},"end":{"line":132,"column":5}},"loc":{"start":{"line":132,"column":113},"end":{"line":148,"column":5}},"line":132},"17":{"name":"(anonymous_17)","decl":{"start":{"line":149,"column":4},"end":{"line":149,"column":5}},"loc":{"start":{"line":149,"column":38},"end":{"line":163,"column":5}},"line":149},"18":{"name":"(anonymous_18)","decl":{"start":{"line":164,"column":4},"end":{"line":164,"column":5}},"loc":{"start":{"line":164,"column":11},"end":{"line":166,"column":5}},"line":164},"19":{"name":"(anonymous_19)","decl":{"start":{"line":167,"column":4},"end":{"line":167,"column":5}},"loc":{"start":{"line":167,"column":13},"end":{"line":169,"column":5}},"line":167},"20":{"name":"(anonymous_20)","decl":{"start":{"line":170,"column":4},"end":{"line":170,"column":5}},"loc":{"start":{"line":170,"column":37},"end":{"line":175,"column":5}},"line":170},"21":{"name":"(anonymous_21)","decl":{"start":{"line":176,"column":4},"end":{"line":176,"column":5}},"loc":{"start":{"line":176,"column":27},"end":{"line":180,"column":5}},"line":176},"22":{"name":"(anonymous_22)","decl":{"start":{"line":181,"column":4},"end":{"line":181,"column":5}},"loc":{"start":{"line":181,"column":23},"end":{"line":185,"column":5}},"line":181},"23":{"name":"(anonymous_23)","decl":{"start":{"line":186,"column":4},"end":{"line":186,"column":5}},"loc":{"start":{"line":186,"column":12},"end":{"line":188,"column":5}},"line":186},"24":{"name":"(anonymous_24)","decl":{"start":{"line":189,"column":4},"end":{"line":189,"column":5}},"loc":{"start":{"line":189,"column":12},"end":{"line":191,"column":5}},"line":189},"25":{"name":"(anonymous_25)","decl":{"start":{"line":192,"column":4},"end":{"line":192,"column":5}},"loc":{"start":{"line":192,"column":12},"end":{"line":195,"column":5}},"line":192},"26":{"name":"(anonymous_26)","decl":{"start":{"line":196,"column":4},"end":{"line":196,"column":5}},"loc":{"start":{"line":196,"column":15},"end":{"line":198,"column":5}},"line":196},"27":{"name":"(anonymous_27)","decl":{"start":{"line":199,"column":4},"end":{"line":199,"column":5}},"loc":{"start":{"line":199,"column":12},"end":{"line":201,"column":5}},"line":199},"28":{"name":"(anonymous_28)","decl":{"start":{"line":202,"column":4},"end":{"line":202,"column":5}},"loc":{"start":{"line":202,"column":26},"end":{"line":207,"column":5}},"line":202},"29":{"name":"(anonymous_29)","decl":{"start":{"line":208,"column":4},"end":{"line":208,"column":5}},"loc":{"start":{"line":208,"column":15},"end":{"line":210,"column":5}},"line":208},"30":{"name":"(anonymous_30)","decl":{"start":{"line":211,"column":4},"end":{"line":211,"column":5}},"loc":{"start":{"line":211,"column":26},"end":{"line":214,"column":5}},"line":211},"31":{"name":"(anonymous_31)","decl":{"start":{"line":215,"column":4},"end":{"line":215,"column":5}},"loc":{"start":{"line":215,"column":24},"end":{"line":225,"column":5}},"line":215},"32":{"name":"(anonymous_32)","decl":{"start":{"line":226,"column":4},"end":{"line":226,"column":5}},"loc":{"start":{"line":226,"column":15},"end":{"line":228,"column":5}},"line":226},"33":{"name":"(anonymous_33)","decl":{"start":{"line":229,"column":4},"end":{"line":229,"column":5}},"loc":{"start":{"line":229,"column":15},"end":{"line":233,"column":5}},"line":229},"34":{"name":"(anonymous_34)","decl":{"start":{"line":234,"column":4},"end":{"line":234,"column":5}},"loc":{"start":{"line":234,"column":47},"end":{"line":240,"column":5}},"line":234},"35":{"name":"(anonymous_35)","decl":{"start":{"line":237,"column":19},"end":{"line":237,"column":20}},"loc":{"start":{"line":237,"column":25},"end":{"line":239,"column":9}},"line":237},"36":{"name":"(anonymous_36)","decl":{"start":{"line":241,"column":4},"end":{"line":241,"column":5}},"loc":{"start":{"line":241,"column":23},"end":{"line":243,"column":5}},"line":241},"37":{"name":"(anonymous_37)","decl":{"start":{"line":244,"column":4},"end":{"line":244,"column":5}},"loc":{"start":{"line":244,"column":12},"end":{"line":253,"column":5}},"line":244},"38":{"name":"(anonymous_38)","decl":{"start":{"line":254,"column":4},"end":{"line":254,"column":5}},"loc":{"start":{"line":254,"column":29},"end":{"line":257,"column":5}},"line":254},"39":{"name":"(anonymous_39)","decl":{"start":{"line":258,"column":4},"end":{"line":258,"column":5}},"loc":{"start":{"line":258,"column":15},"end":{"line":260,"column":5}},"line":258},"40":{"name":"(anonymous_40)","decl":{"start":{"line":261,"column":4},"end":{"line":261,"column":5}},"loc":{"start":{"line":261,"column":16},"end":{"line":263,"column":5}},"line":261},"41":{"name":"(anonymous_41)","decl":{"start":{"line":264,"column":4},"end":{"line":264,"column":5}},"loc":{"start":{"line":264,"column":23},"end":{"line":269,"column":5}},"line":264},"42":{"name":"(anonymous_42)","decl":{"start":{"line":270,"column":4},"end":{"line":270,"column":5}},"loc":{"start":{"line":270,"column":31},"end":{"line":285,"column":5}},"line":270},"43":{"name":"(anonymous_43)","decl":{"start":{"line":286,"column":4},"end":{"line":286,"column":5}},"loc":{"start":{"line":286,"column":16},"end":{"line":331,"column":5}},"line":286},"44":{"name":"(anonymous_44)","decl":{"start":{"line":332,"column":4},"end":{"line":332,"column":5}},"loc":{"start":{"line":332,"column":16},"end":{"line":334,"column":5}},"line":332},"45":{"name":"(anonymous_45)","decl":{"start":{"line":335,"column":4},"end":{"line":335,"column":5}},"loc":{"start":{"line":335,"column":13},"end":{"line":337,"column":5}},"line":335},"46":{"name":"(anonymous_46)","decl":{"start":{"line":338,"column":4},"end":{"line":338,"column":5}},"loc":{"start":{"line":338,"column":11},"end":{"line":340,"column":5}},"line":338},"47":{"name":"(anonymous_47)","decl":{"start":{"line":341,"column":4},"end":{"line":341,"column":5}},"loc":{"start":{"line":341,"column":28},"end":{"line":345,"column":5}},"line":341},"48":{"name":"(anonymous_48)","decl":{"start":{"line":346,"column":4},"end":{"line":346,"column":5}},"loc":{"start":{"line":346,"column":16},"end":{"line":350,"column":5}},"line":346},"49":{"name":"(anonymous_49)","decl":{"start":{"line":351,"column":4},"end":{"line":351,"column":5}},"loc":{"start":{"line":351,"column":12},"end":{"line":353,"column":5}},"line":351},"50":{"name":"(anonymous_50)","decl":{"start":{"line":410,"column":4},"end":{"line":410,"column":5}},"loc":{"start":{"line":410,"column":12},"end":{"line":412,"column":5}},"line":410},"51":{"name":"(anonymous_51)","decl":{"start":{"line":413,"column":4},"end":{"line":413,"column":5}},"loc":{"start":{"line":413,"column":12},"end":{"line":415,"column":5}},"line":413},"52":{"name":"(anonymous_52)","decl":{"start":{"line":488,"column":4},"end":{"line":488,"column":5}},"loc":{"start":{"line":488,"column":12},"end":{"line":490,"column":5}},"line":488},"53":{"name":"(anonymous_53)","decl":{"start":{"line":491,"column":4},"end":{"line":491,"column":5}},"loc":{"start":{"line":491,"column":12},"end":{"line":493,"column":5}},"line":491},"54":{"name":"(anonymous_54)","decl":{"start":{"line":554,"column":4},"end":{"line":554,"column":5}},"loc":{"start":{"line":554,"column":12},"end":{"line":556,"column":5}},"line":554},"55":{"name":"(anonymous_55)","decl":{"start":{"line":557,"column":4},"end":{"line":557,"column":5}},"loc":{"start":{"line":557,"column":12},"end":{"line":560,"column":5}},"line":557},"56":{"name":"(anonymous_56)","decl":{"start":{"line":611,"column":4},"end":{"line":611,"column":5}},"loc":{"start":{"line":611,"column":12},"end":{"line":613,"column":5}},"line":611},"57":{"name":"(anonymous_57)","decl":{"start":{"line":614,"column":4},"end":{"line":614,"column":5}},"loc":{"start":{"line":614,"column":12},"end":{"line":616,"column":5}},"line":614},"58":{"name":"(anonymous_58)","decl":{"start":{"line":659,"column":4},"end":{"line":659,"column":5}},"loc":{"start":{"line":659,"column":12},"end":{"line":661,"column":5}},"line":659},"59":{"name":"(anonymous_59)","decl":{"start":{"line":662,"column":4},"end":{"line":662,"column":5}},"loc":{"start":{"line":662,"column":12},"end":{"line":664,"column":5}},"line":662},"60":{"name":"(anonymous_60)","decl":{"start":{"line":707,"column":4},"end":{"line":707,"column":5}},"loc":{"start":{"line":707,"column":12},"end":{"line":709,"column":5}},"line":707},"61":{"name":"(anonymous_61)","decl":{"start":{"line":710,"column":4},"end":{"line":710,"column":5}},"loc":{"start":{"line":710,"column":12},"end":{"line":712,"column":5}},"line":710},"62":{"name":"(anonymous_62)","decl":{"start":{"line":755,"column":4},"end":{"line":755,"column":5}},"loc":{"start":{"line":755,"column":12},"end":{"line":757,"column":5}},"line":755},"63":{"name":"(anonymous_63)","decl":{"start":{"line":758,"column":4},"end":{"line":758,"column":5}},"loc":{"start":{"line":758,"column":12},"end":{"line":761,"column":5}},"line":758},"64":{"name":"(anonymous_64)","decl":{"start":{"line":804,"column":4},"end":{"line":804,"column":5}},"loc":{"start":{"line":804,"column":12},"end":{"line":806,"column":5}},"line":804},"65":{"name":"(anonymous_65)","decl":{"start":{"line":807,"column":4},"end":{"line":807,"column":5}},"loc":{"start":{"line":807,"column":12},"end":{"line":809,"column":5}},"line":807},"66":{"name":"(anonymous_66)","decl":{"start":{"line":852,"column":4},"end":{"line":852,"column":5}},"loc":{"start":{"line":852,"column":12},"end":{"line":854,"column":5}},"line":852},"67":{"name":"(anonymous_67)","decl":{"start":{"line":855,"column":4},"end":{"line":855,"column":5}},"loc":{"start":{"line":855,"column":12},"end":{"line":858,"column":5}},"line":855},"68":{"name":"(anonymous_68)","decl":{"start":{"line":880,"column":4},"end":{"line":880,"column":5}},"loc":{"start":{"line":880,"column":12},"end":{"line":882,"column":5}},"line":880},"69":{"name":"(anonymous_69)","decl":{"start":{"line":883,"column":4},"end":{"line":883,"column":5}},"loc":{"start":{"line":883,"column":15},"end":{"line":885,"column":5}},"line":883},"70":{"name":"(anonymous_70)","decl":{"start":{"line":886,"column":4},"end":{"line":886,"column":5}},"loc":{"start":{"line":886,"column":12},"end":{"line":888,"column":5}},"line":886},"71":{"name":"(anonymous_71)","decl":{"start":{"line":893,"column":4},"end":{"line":893,"column":5}},"loc":{"start":{"line":893,"column":25},"end":{"line":895,"column":5}},"line":893},"72":{"name":"createPet","decl":{"start":{"line":898,"column":9},"end":{"line":898,"column":18}},"loc":{"start":{"line":898,"column":93},"end":{"line":933,"column":1}},"line":898}},"branchMap":{"0":{"loc":{"start":{"line":56,"column":12},"end":{"line":58,"column":13}},"type":"if","locations":[{"start":{"line":56,"column":12},"end":{"line":58,"column":13}},{"start":{"line":56,"column":12},"end":{"line":58,"column":13}}],"line":56},"1":{"loc":{"start":{"line":65,"column":8},"end":{"line":67,"column":9}},"type":"if","locations":[{"start":{"line":65,"column":8},"end":{"line":67,"column":9}},{"start":{"line":65,"column":8},"end":{"line":67,"column":9}}],"line":65},"2":{"loc":{"start":{"line":70,"column":12},"end":{"line":72,"column":13}},"type":"if","locations":[{"start":{"line":70,"column":12},"end":{"line":72,"column":13}},{"start":{"line":70,"column":12},"end":{"line":72,"column":13}}],"line":70},"3":{"loc":{"start":{"line":74,"column":16},"end":{"line":76,"column":17}},"type":"if","locations":[{"start":{"line":74,"column":16},"end":{"line":76,"column":17}},{"start":{"line":74,"column":16},"end":{"line":76,"column":17}}],"line":74},"4":{"loc":{"start":{"line":77,"column":16},"end":{"line":79,"column":17}},"type":"if","locations":[{"start":{"line":77,"column":16},"end":{"line":79,"column":17}},{"start":{"line":77,"column":16},"end":{"line":79,"column":17}}],"line":77},"5":{"loc":{"start":{"line":80,"column":16},"end":{"line":89,"column":17}},"type":"if","locations":[{"start":{"line":80,"column":16},"end":{"line":89,"column":17}},{"start":{"line":80,"column":16},"end":{"line":89,"column":17}}],"line":80},"6":{"loc":{"start":{"line":80,"column":20},"end":{"line":82,"column":80}},"type":"binary-expr","locations":[{"start":{"line":80,"column":20},"end":{"line":80,"column":75}},{"start":{"line":81,"column":20},"end":{"line":82,"column":80}}],"line":80},"7":{"loc":{"start":{"line":85,"column":20},"end":{"line":88,"column":21}},"type":"if","locations":[{"start":{"line":85,"column":20},"end":{"line":88,"column":21}},{"start":{"line":85,"column":20},"end":{"line":88,"column":21}}],"line":85},"8":{"loc":{"start":{"line":97,"column":4},"end":{"line":108,"column":5}},"type":"if","locations":[{"start":{"line":97,"column":4},"end":{"line":108,"column":5}},{"start":{"line":97,"column":4},"end":{"line":108,"column":5}}],"line":97},"9":{"loc":{"start":{"line":100,"column":9},"end":{"line":108,"column":5}},"type":"if","locations":[{"start":{"line":100,"column":9},"end":{"line":108,"column":5}},{"start":{"line":100,"column":9},"end":{"line":108,"column":5}}],"line":100},"10":{"loc":{"start":{"line":103,"column":9},"end":{"line":108,"column":5}},"type":"if","locations":[{"start":{"line":103,"column":9},"end":{"line":108,"column":5}},{"start":{"line":103,"column":9},"end":{"line":108,"column":5}}],"line":103},"11":{"loc":{"start":{"line":218,"column":32},"end":{"line":218,"column":68}},"type":"binary-expr","locations":[{"start":{"line":218,"column":32},"end":{"line":218,"column":54}},{"start":{"line":218,"column":58},"end":{"line":218,"column":68}}],"line":218},"12":{"loc":{"start":{"line":220,"column":8},"end":{"line":224,"column":9}},"type":"if","locations":[{"start":{"line":220,"column":8},"end":{"line":224,"column":9}},{"start":{"line":220,"column":8},"end":{"line":224,"column":9}}],"line":220},"13":{"loc":{"start":{"line":230,"column":16},"end":{"line":232,"column":27}},"type":"binary-expr","locations":[{"start":{"line":230,"column":16},"end":{"line":230,"column":72}},{"start":{"line":231,"column":12},"end":{"line":231,"column":45}},{"start":{"line":232,"column":12},"end":{"line":232,"column":27}}],"line":230},"14":{"loc":{"start":{"line":234,"column":30},"end":{"line":234,"column":45}},"type":"default-arg","locations":[{"start":{"line":234,"column":41},"end":{"line":234,"column":45}}],"line":234},"15":{"loc":{"start":{"line":245,"column":8},"end":{"line":247,"column":9}},"type":"if","locations":[{"start":{"line":245,"column":8},"end":{"line":247,"column":9}},{"start":{"line":245,"column":8},"end":{"line":247,"column":9}}],"line":245},"16":{"loc":{"start":{"line":265,"column":8},"end":{"line":267,"column":9}},"type":"if","locations":[{"start":{"line":265,"column":8},"end":{"line":267,"column":9}},{"start":{"line":265,"column":8},"end":{"line":267,"column":9}}],"line":265},"17":{"loc":{"start":{"line":274,"column":12},"end":{"line":277,"column":13}},"type":"if","locations":[{"start":{"line":274,"column":12},"end":{"line":277,"column":13}},{"start":{"line":274,"column":12},"end":{"line":277,"column":13}}],"line":274},"18":{"loc":{"start":{"line":279,"column":8},"end":{"line":281,"column":9}},"type":"if","locations":[{"start":{"line":279,"column":8},"end":{"line":281,"column":9}},{"start":{"line":279,"column":8},"end":{"line":281,"column":9}}],"line":279},"19":{"loc":{"start":{"line":287,"column":8},"end":{"line":292,"column":9}},"type":"if","locations":[{"start":{"line":287,"column":8},"end":{"line":292,"column":9}},{"start":{"line":287,"column":8},"end":{"line":292,"column":9}}],"line":287},"20":{"loc":{"start":{"line":290,"column":13},"end":{"line":292,"column":9}},"type":"if","locations":[{"start":{"line":290,"column":13},"end":{"line":292,"column":9}},{"start":{"line":290,"column":13},"end":{"line":292,"column":9}}],"line":290},"21":{"loc":{"start":{"line":295,"column":8},"end":{"line":304,"column":9}},"type":"if","locations":[{"start":{"line":295,"column":8},"end":{"line":304,"column":9}},{"start":{"line":295,"column":8},"end":{"line":304,"column":9}}],"line":295},"22":{"loc":{"start":{"line":295,"column":12},"end":{"line":297,"column":27}},"type":"binary-expr","locations":[{"start":{"line":295,"column":12},"end":{"line":295,"column":28}},{"start":{"line":296,"column":12},"end":{"line":296,"column":52}},{"start":{"line":297,"column":12},"end":{"line":297,"column":27}}],"line":295},"23":{"loc":{"start":{"line":298,"column":12},"end":{"line":303,"column":13}},"type":"if","locations":[{"start":{"line":298,"column":12},"end":{"line":303,"column":13}},{"start":{"line":298,"column":12},"end":{"line":303,"column":13}}],"line":298},"24":{"loc":{"start":{"line":298,"column":16},"end":{"line":299,"column":72}},"type":"binary-expr","locations":[{"start":{"line":298,"column":16},"end":{"line":298,"column":42}},{"start":{"line":299,"column":16},"end":{"line":299,"column":72}}],"line":298},"25":{"loc":{"start":{"line":306,"column":8},"end":{"line":330,"column":9}},"type":"if","locations":[{"start":{"line":306,"column":8},"end":{"line":330,"column":9}},{"start":{"line":306,"column":8},"end":{"line":330,"column":9}}],"line":306},"26":{"loc":{"start":{"line":308,"column":12},"end":{"line":314,"column":13}},"type":"if","locations":[{"start":{"line":308,"column":12},"end":{"line":314,"column":13}},{"start":{"line":308,"column":12},"end":{"line":314,"column":13}}],"line":308},"27":{"loc":{"start":{"line":308,"column":16},"end":{"line":308,"column":52}},"type":"binary-expr","locations":[{"start":{"line":308,"column":16},"end":{"line":308,"column":30}},{"start":{"line":308,"column":34},"end":{"line":308,"column":52}}],"line":308},"28":{"loc":{"start":{"line":319,"column":13},"end":{"line":330,"column":9}},"type":"if","locations":[{"start":{"line":319,"column":13},"end":{"line":330,"column":9}},{"start":{"line":319,"column":13},"end":{"line":330,"column":9}}],"line":319},"29":{"loc":{"start":{"line":320,"column":12},"end":{"line":329,"column":13}},"type":"if","locations":[{"start":{"line":320,"column":12},"end":{"line":329,"column":13}},{"start":{"line":320,"column":12},"end":{"line":329,"column":13}}],"line":320},"30":{"loc":{"start":{"line":325,"column":17},"end":{"line":329,"column":13}},"type":"if","locations":[{"start":{"line":325,"column":17},"end":{"line":329,"column":13}},{"start":{"line":325,"column":17},"end":{"line":329,"column":13}}],"line":325},"31":{"loc":{"start":{"line":347,"column":16},"end":{"line":349,"column":74}},"type":"binary-expr","locations":[{"start":{"line":347,"column":16},"end":{"line":347,"column":31}},{"start":{"line":348,"column":13},"end":{"line":348,"column":50}},{"start":{"line":349,"column":16},"end":{"line":349,"column":52}}],"line":347},"32":{"loc":{"start":{"line":899,"column":4},"end":{"line":901,"column":5}},"type":"if","locations":[{"start":{"line":899,"column":4},"end":{"line":901,"column":5}},{"start":{"line":899,"column":4},"end":{"line":901,"column":5}}],"line":899},"33":{"loc":{"start":{"line":899,"column":8},"end":{"line":899,"column":58}},"type":"binary-expr","locations":[{"start":{"line":899,"column":8},"end":{"line":899,"column":26}},{"start":{"line":899,"column":30},"end":{"line":899,"column":43}},{"start":{"line":899,"column":47},"end":{"line":899,"column":58}}],"line":899},"34":{"loc":{"start":{"line":902,"column":4},"end":{"line":904,"column":5}},"type":"if","locations":[{"start":{"line":902,"column":4},"end":{"line":904,"column":5}},{"start":{"line":902,"column":4},"end":{"line":904,"column":5}}],"line":902},"35":{"loc":{"start":{"line":905,"column":4},"end":{"line":931,"column":5}},"type":"if","locations":[{"start":{"line":905,"column":4},"end":{"line":931,"column":5}},{"start":{"line":905,"column":4},"end":{"line":931,"column":5}}],"line":905},"36":{"loc":{"start":{"line":908,"column":9},"end":{"line":931,"column":5}},"type":"if","locations":[{"start":{"line":908,"column":9},"end":{"line":931,"column":5}},{"start":{"line":908,"column":9},"end":{"line":931,"column":5}}],"line":908},"37":{"loc":{"start":{"line":911,"column":9},"end":{"line":931,"column":5}},"type":"if","locations":[{"start":{"line":911,"column":9},"end":{"line":931,"column":5}},{"start":{"line":911,"column":9},"end":{"line":931,"column":5}}],"line":911},"38":{"loc":{"start":{"line":914,"column":9},"end":{"line":931,"column":5}},"type":"if","locations":[{"start":{"line":914,"column":9},"end":{"line":931,"column":5}},{"start":{"line":914,"column":9},"end":{"line":931,"column":5}}],"line":914},"39":{"loc":{"start":{"line":917,"column":9},"end":{"line":931,"column":5}},"type":"if","locations":[{"start":{"line":917,"column":9},"end":{"line":931,"column":5}},{"start":{"line":917,"column":9},"end":{"line":931,"column":5}}],"line":917},"40":{"loc":{"start":{"line":920,"column":9},"end":{"line":931,"column":5}},"type":"if","locations":[{"start":{"line":920,"column":9},"end":{"line":931,"column":5}},{"start":{"line":920,"column":9},"end":{"line":931,"column":5}}],"line":920},"41":{"loc":{"start":{"line":923,"column":9},"end":{"line":931,"column":5}},"type":"if","locations":[{"start":{"line":923,"column":9},"end":{"line":931,"column":5}},{"start":{"line":923,"column":9},"end":{"line":931,"column":5}}],"line":923},"42":{"loc":{"start":{"line":926,"column":9},"end":{"line":931,"column":5}},"type":"if","locations":[{"start":{"line":926,"column":9},"end":{"line":931,"column":5}},{"start":{"line":926,"column":9},"end":{"line":931,"column":5}}],"line":926},"43":{"loc":{"start":{"line":929,"column":9},"end":{"line":931,"column":5}},"type":"if","locations":[{"start":{"line":929,"column":9},"end":{"line":931,"column":5}},{"start":{"line":929,"column":9},"end":{"line":931,"column":5}}],"line":929}},"s":{"0":1,"1":1,"2":1,"3":1,"4":12,"5":12,"6":12,"7":12,"8":12,"9":13,"10":13,"11":13,"12":13,"13":13,"14":13,"15":1,"16":2,"17":77,"18":13,"19":12,"20":11,"21":12,"22":3,"23":1,"24":1,"25":1,"26":1,"27":1,"28":1,"29":55,"30":55,"31":0,"32":0,"33":0,"34":0,"35":0,"36":0,"37":0,"38":0,"39":0,"40":0,"41":0,"42":0,"43":0,"44":0,"45":0,"46":1,"47":8794,"48":0,"49":8794,"50":5,"51":8789,"52":8789,"53":0,"54":13,"55":1,"56":13,"57":13,"58":13,"59":13,"60":13,"61":13,"62":13,"63":13,"64":13,"65":13,"66":13,"67":13,"68":13,"69":13,"70":13,"71":13,"72":13,"73":13,"74":13,"75":13,"76":13,"77":13,"78":13,"79":13,"80":13,"81":13,"82":13,"83":13,"84":16657,"85":0,"86":8729,"87":8729,"88":8729,"89":8729,"90":0,"91":0,"92":0,"93":8729,"94":8729,"95":8729,"96":3788,"97":0,"98":0,"99":10067,"100":8729,"101":13,"102":13,"103":13,"104":13,"105":17428,"106":0,"107":0,"108":0,"109":0,"110":0,"111":0,"112":0,"113":0,"114":0,"115":0,"116":0,"117":13,"118":0,"119":0,"120":0,"121":0,"122":0,"123":0,"124":0,"125":0,"126":0,"127":4140,"128":5915,"129":10055,"130":9991,"131":64,"132":64,"133":64,"134":64,"135":442,"136":64,"137":64,"138":0,"139":64,"140":64,"141":10055,"142":4140,"143":5915,"144":5915,"145":10055,"146":10055,"147":0,"148":0,"149":0,"150":0,"151":10055,"152":10055,"153":64,"154":0,"155":0,"156":0,"157":0,"158":0,"159":64,"160":64,"161":64,"162":9991,"163":0,"164":0,"165":0,"166":0,"167":0,"168":0,"169":0,"170":0,"171":10055,"172":67,"173":71,"174":0,"175":0,"176":0,"177":0,"178":0,"179":1,"180":1,"181":0,"182":0,"183":1,"184":4,"185":4,"186":1,"187":0,"188":1,"189":1,"190":1,"191":0,"192":0,"193":1,"194":1,"195":1,"196":0,"197":0,"198":1,"199":1,"200":1,"201":0,"202":0,"203":1,"204":1,"205":1,"206":0,"207":0,"208":1,"209":1,"210":1,"211":0,"212":0,"213":1,"214":1,"215":1,"216":0,"217":0,"218":1,"219":1,"220":1,"221":0,"222":0,"223":1,"224":1,"225":1,"226":0,"227":0,"228":0,"229":1,"230":0,"231":1,"232":13,"233":0,"234":13,"235":1,"236":12,"237":4,"238":8,"239":1,"240":7,"241":1,"242":6,"243":1,"244":5,"245":1,"246":4,"247":1,"248":3,"249":1,"250":2,"251":1,"252":1,"253":1,"254":0,"255":1},"f":{"0":12,"1":13,"2":2,"3":77,"4":13,"5":12,"6":11,"7":3,"8":1,"9":1,"10":1,"11":1,"12":55,"13":0,"14":0,"15":8794,"16":13,"17":13,"18":16657,"19":0,"20":8729,"21":0,"22":8729,"23":3788,"24":0,"25":0,"26":10067,"27":8729,"28":13,"29":17428,"30":0,"31":0,"32":0,"33":0,"34":0,"35":0,"36":13,"37":0,"38":0,"39":4140,"40":5915,"41":10055,"42":64,"43":10055,"44":10055,"45":67,"46":71,"47":0,"48":0,"49":0,"50":0,"51":0,"52":1,"53":0,"54":0,"55":0,"56":0,"57":0,"58":0,"59":0,"60":0,"61":0,"62":0,"63":0,"64":0,"65":0,"66":0,"67":0,"68":0,"69":0,"70":0,"71":0,"72":13},"b":{"0":[1,0],"1":[55,0],"2":[0,0],"3":[0,0],"4":[0,0],"5":[0,0],"6":[0,0],"7":[0,0],"8":[0,8794],"9":[5,8789],"10":[8789,0],"11":[0,0],"12":[0,0],"13":[0,0,0],"14":[0],"15":[0,0],"16":[9991,64],"17":[64,378],"18":[0,64],"19":[4140,5915],"20":[5915,0],"21":[0,10055],"22":[10055,0,0],"23":[0,0],"24":[0,0],"25":[64,9991],"26":[0,64],"27":[64,0],"28":[0,9991],"29":[0,0],"30":[0,0],"31":[0,0,0],"32":[0,13],"33":[13,13,13],"34":[1,12],"35":[4,8],"36":[1,7],"37":[1,6],"38":[1,5],"39":[1,4],"40":[1,3],"41":[1,2],"42":[1,1],"43":[1,0]},"inputSourceMap":{"version":3,"file":"pets.js","sourceRoot":"","sources":["../../src/panel/pets.ts"],"names":[],"mappings":";;;AAEA,qCAUkB;AAElB,MAAa,qBAAqB;CAAG;AAArC,sDAAqC;AAErC,MAAa,UAAU;IACnB,EAAE,CAAmB;IACrB,SAAS,CAAiB;IAC1B,MAAM,CAAiB;IACvB,GAAG,CAAW;IACd,KAAK,CAAW;IAChB,IAAI,CAAU;IACd,MAAM;QACF,IAAI,CAAC,EAAE,CAAC,MAAM,EAAE,CAAC;QACjB,IAAI,CAAC,SAAS,CAAC,MAAM,EAAE,CAAC;QACxB,IAAI,CAAC,MAAM,CAAC,MAAM,EAAE,CAAC;QACrB,IAAI,CAAC,KAAK,6BAAgB,CAAC;QAC3B,IAAI,CAAC,IAAI,4BAAe,CAAC;IAC7B,CAAC;IAED,YACI,EAAoB,EACpB,SAAyB,EACzB,MAAsB,EACtB,GAAa,EACb,KAAe,EACf,IAAa;QAEb,IAAI,CAAC,EAAE,GAAG,EAAE,CAAC;QACb,IAAI,CAAC,SAAS,GAAG,SAAS,CAAC;QAC3B,IAAI,CAAC,MAAM,GAAG,MAAM,CAAC;QACrB,IAAI,CAAC,GAAG,GAAG,GAAG,CAAC;QACf,IAAI,CAAC,KAAK,GAAG,KAAK,CAAC;QACnB,IAAI,CAAC,IAAI,GAAG,IAAI,CAAC;IACrB,CAAC;CACJ;AA9BD,gCA8BC;AAWD,MAAa,aAAa;IACd,KAAK,CAAoB;IAEjC;QACI,IAAI,CAAC,KAAK,GAAG,IAAI,KAAK,CAAC,CAAC,CAAC,CAAC;IAC9B,CAAC;IAED,IAAI;QACA,OAAO,IAAI,CAAC,KAAK,CAAC;IACtB,CAAC;IAED,IAAI,CAAC,GAAe;QAChB,IAAI,CAAC,KAAK,CAAC,IAAI,CAAC,GAAG,CAAC,CAAC;IACzB,CAAC;IAED,KAAK;QACD,IAAI,CAAC,KAAK,CAAC,OAAO,CAAC,CAAC,GAAG,EAAE,EAAE;YACvB,GAAG,CAAC,MAAM,EAAE,CAAC;QACjB,CAAC,CAAC,CAAC;QACH,IAAI,CAAC,KAAK,GAAG,EAAE,CAAC;IACpB,CAAC;IAED,MAAM,CAAC,IAAY;QACf,OAAO,IAAI,CAAC,KAAK,CAAC,IAAI,CAAC,CAAC,UAAU,EAAE,EAAE;YAClC,OAAO,UAAU,CAAC,GAAG,CAAC,IAAI,EAAE,KAAK,IAAI,CAAC;QAC1C,CAAC,CAAC,CAAC;IACP,CAAC;IAED,MAAM,CAAC,IAAY;QACf,IAAI,CAAC,KAAK,CAAC,OAAO,CAAC,CAAC,GAAG,EAAE,EAAE;YACvB,IAAI,GAAG,CAAC,GAAG,CAAC,IAAI,EAAE,KAAK,IAAI,EAAE;gBACzB,GAAG,CAAC,MAAM,EAAE,CAAC;aAChB;QACL,CAAC,CAAC,CAAC;QACH,IAAI,CAAC,KAAK,GAAG,IAAI,CAAC,KAAK,CAAC,MAAM,CAAC,CAAC,GAAG,EAAE,EAAE;YACnC,OAAO,GAAG,CAAC,GAAG,CAAC,IAAI,EAAE,KAAK,IAAI,CAAC;QACnC,CAAC,CAAC,CAAC;IACP,CAAC;IAED,cAAc;QACV,IAAI,IAAI,CAAC,KAAK,CAAC,MAAM,IAAI,CAAC,EAAE;YACxB,OAAO,EAAE,CAAC;SACb,CAAC,sCAAsC;QACxC,IAAI,QAAQ,GAAG,IAAI,KAAK,CAAS,CAAC,CAAC,CAAC;QACpC,IAAI,CAAC,KAAK,CAAC,OAAO,CAAC,CAAC,eAAe,EAAE,EAAE;YACnC,IAAI,eAAe,CAAC,GAAG,CAAC,SAAS,EAAE,EAAE;gBACjC,OAAO;aACV,CAAC,2BAA2B;YAC7B,IAAI,CAAC,KAAK,CAAC,OAAO,CAAC,CAAC,eAAe,EAAE,EAAE;gBACnC,IAAI,eAAe,CAAC,GAAG,CAAC,SAAS,EAAE,EAAE;oBACjC,OAAO;iBACV,CAAC,+BAA+B;gBACjC,IAAI,CAAC,eAAe,CAAC,GAAG,CAAC,QAAQ,EAAE,EAAE;oBACjC,OAAO;iBACV,CAAC,oCAAoC;gBACtC,IACI,eAAe,CAAC,GAAG,CAAC,IAAI,EAAE,GAAG,eAAe,CAAC,GAAG,CAAC,IAAI,EAAE;oBACvD,eAAe,CAAC,GAAG,CAAC,IAAI,EAAE;wBACtB,eAAe,CAAC,GAAG,CAAC,IAAI,EAAE,GAAG,eAAe,CAAC,GAAG,CAAC,KAAK,EAAE,EAC9D;oBACE,mCAAmC;oBACnC,OAAO,CAAC,GAAG,CACP,eAAe,CAAC,GAAG,CAAC,IAAI,EAAE,EAC1B,4BAA4B,EAC5B,eAAe,CAAC,GAAG,CAAC,IAAI,EAAE,EAC1B,GAAG,CACN,CAAC;oBACF,IACI,eAAe,CAAC,GAAG,CAAC,eAAe,CAAC,eAAe,CAAC,GAAG,CAAC,EAC1D;wBACE,eAAe,CAAC,GAAG,CAAC,gBAAgB,CAAC,IAAI,EAAE,IAAI,CAAC,CAAC;wBACjD,eAAe,CAAC,GAAG,CAAC,gBAAgB,CAAC,IAAI,EAAE,IAAI,CAAC,CAAC;qBACpD;iBACJ;YACL,CAAC,CAAC,CAAC;QACP,CAAC,CAAC,CAAC;QACH,OAAO,QAAQ,CAAC;IACpB,CAAC;CACJ;AA9ED,sCA8EC;AAsCD,SAAS,oBAAoB,CAAC,IAAa;IACvC,IAAI,IAAI,8BAAiB,EAAE;QACvB,OAAO,EAAE,CAAC;KACb;SAAM,IAAI,IAAI,kCAAmB,EAAE;QAChC,OAAO,EAAE,CAAC;KACb;SAAM,IAAI,IAAI,gCAAkB,EAAE;QAC/B,OAAO,GAAG,CAAC;KACd;SAAM;QACH,OAAO,EAAE,CAAC,CAAC,QAAQ;KACtB;AACL,CAAC;AAED,MAAe,WAAW;IACtB,KAAK,GAAW,MAAM,CAAC;IACvB,MAAM,CAAC,KAAK,GAAW,CAAC,CAAC;IACzB,QAAQ,GAAkB;QACtB,aAAa,iCAAgB;QAC7B,cAAc,EAAE,EAAE;KACrB,CAAC;IACF,YAAY,CAAS;IACrB,gBAAgB,CAAS;IACzB,SAAS,CAAqB;IAC9B,aAAa,CAAqB;IAC1B,EAAE,CAAmB;IACrB,SAAS,CAAiB;IAC1B,MAAM,CAAiB;IACvB,KAAK,CAAS;IACd,OAAO,CAAS;IACxB,OAAO,CAAS;IAChB,MAAM,CAAS;IACf,OAAO,CAAuB;IACtB,KAAK,CAAS;IACd,MAAM,CAAS;IACf,KAAK,CAAU;IAEvB,YACI,aAA+B,EAC/B,gBAAgC,EAChC,aAA6B,EAC7B,IAAa,EACb,IAAY,EACZ,MAAc,EACd,OAAe,EACf,KAAa,EACb,IAAY,EACZ,KAAa;QAEb,IAAI,CAAC,EAAE,GAAG,aAAa,CAAC;QACxB,IAAI,CAAC,SAAS,GAAG,gBAAgB,CAAC;QAClC,IAAI,CAAC,MAAM,GAAG,aAAa,CAAC;QAC5B,IAAI,CAAC,OAAO,GAAG,OAAO,CAAC;QACvB,IAAI,CAAC,MAAM,GAAG,KAAK,CAAC;QACpB,IAAI,CAAC,KAAK,GAAG,IAAI,CAAC;QAClB,IAAI,CAAC,OAAO,GAAG,MAAM,CAAC;QACtB,IAAI,CAAC,UAAU,CAAC,IAAI,EAAE,IAAI,EAAE,MAAM,CAAC,CAAC;QACpC,IAAI,CAAC,gBAAgB,GAAG,IAAI,CAAC,QAAQ,CAAC,aAAa,CAAC;QACpD,IAAI,CAAC,YAAY,GAAG,IAAA,qBAAY,EAAC,IAAI,CAAC,gBAAgB,EAAE,IAAI,CAAC,CAAC;QAE9D,IAAI,CAAC,KAAK,GAAG,IAAI,CAAC;QAClB,IAAI,CAAC,KAAK,GAAG,IAAI,CAAC;QAClB,IAAI,CAAC,MAAM,GAAG,IAAI,CAAC,cAAc,CAAC,KAAK,CAAC,CAAC;QAEzC,8EAA8E;QAC7E,IAAI,CAAC,WAAmB,CAAC,KAAK,IAAI,CAAC,CAAC;IACzC,CAAC;IAED,UAAU,CAAC,OAAgB,EAAE,IAAY,EAAE,MAAc;QACrD,IAAI,CAAC,EAAE,CAAC,KAAK,CAAC,IAAI,GAAG,GAAG,IAAI,IAAI,CAAC;QACjC,IAAI,CAAC,EAAE,CAAC,KAAK,CAAC,MAAM,GAAG,GAAG,MAAM,IAAI,CAAC;QACrC,IAAI,CAAC,EAAE,CAAC,KAAK,CAAC,KAAK,GAAG,MAAM,CAAC;QAC7B,IAAI,CAAC,EAAE,CAAC,KAAK,CAAC,MAAM,GAAG,MAAM,CAAC;QAC9B,IAAI,CAAC,EAAE,CAAC,KAAK,CAAC,QAAQ,GAAG,GAAG,oBAAoB,CAAC,OAAO,CAAC,IAAI,CAAC;QAC9D,IAAI,CAAC,EAAE,CAAC,KAAK,CAAC,SAAS,GAAG,GAAG,oBAAoB,CAAC,OAAO,CAAC,IAAI,CAAC;QAC/D,IAAI,CAAC,SAAS,CAAC,KAAK,CAAC,IAAI,GAAG,GAAG,IAAI,IAAI,CAAC;QACxC,IAAI,CAAC,SAAS,CAAC,KAAK,CAAC,MAAM,GAAG,GAAG,MAAM,IAAI,CAAC;QAC5C,IAAI,CAAC,SAAS,CAAC,KAAK,CAAC,KAAK,GAAG,GAAG,oBAAoB,CAAC,OAAO,CAAC,IAAI,CAAC;QAClE,IAAI,CAAC,SAAS,CAAC,KAAK,CAAC,MAAM,GAAG,GAAG,oBAAoB,CAAC,OAAO,CAAC,IAAI,CAAC;QACnE,IAAI,CAAC,MAAM,CAAC,KAAK,CAAC,IAAI,GAAG,GAAG,IAAI,IAAI,CAAC;QACrC,IAAI,CAAC,MAAM,CAAC,KAAK,CAAC,MAAM,GAAG,GACvB,MAAM,GAAG,oBAAoB,CAAC,OAAO,CACzC,IAAI,CAAC;QACL,IAAI,CAAC,gBAAgB,EAAE,CAAC;IAC5B,CAAC;IAED,IAAI;QACA,OAAO,IAAI,CAAC,KAAK,CAAC;IACtB,CAAC;IAED,MAAM;QACF,OAAO,IAAI,CAAC,OAAO,CAAC;IACxB,CAAC;IAEO,8BAA8B;QAClC,IAAI,CAAC,SAAS,CAAC,KAAK,CAAC,IAAI,GAAG,GAAG,IAAI,CAAC,KAAK,IAAI,CAAC;QAC9C,IAAI,CAAC,SAAS,CAAC,KAAK,CAAC,MAAM,GAAG,GAAG,IAAI,CAAC,OAAO,IAAI,CAAC;QAClD,IAAI,CAAC,MAAM,CAAC,KAAK,CAAC,IAAI,GAAG,GAAG,IAAI,CAAC,KAAK,IAAI,CAAC;QAC3C,IAAI,CAAC,MAAM,CAAC,KAAK,CAAC,MAAM,GAAG,GACvB,IAAI,CAAC,OAAO,GAAG,oBAAoB,CAAC,IAAI,CAAC,KAAK,CAClD,IAAI,CAAC;IACT,CAAC;IAED,cAAc,CAAC,MAAc;QACzB,IAAI,CAAC,OAAO,GAAG,MAAM,CAAC;QACtB,IAAI,CAAC,EAAE,CAAC,KAAK,CAAC,MAAM,GAAG,GAAG,IAAI,CAAC,OAAO,IAAI,CAAC;QAC3C,IAAI,CAAC,8BAA8B,EAAE,CAAC;IAC1C,CAAC;IAED,YAAY,CAAC,IAAY;QACrB,IAAI,CAAC,KAAK,GAAG,IAAI,CAAC;QAClB,IAAI,CAAC,EAAE,CAAC,KAAK,CAAC,IAAI,GAAG,GAAG,IAAI,CAAC,KAAK,IAAI,CAAC;QACvC,IAAI,CAAC,8BAA8B,EAAE,CAAC;IAC1C,CAAC;IAED,KAAK;QACD,OAAO,IAAI,CAAC,EAAE,CAAC,KAAK,CAAC;IACzB,CAAC;IAED,KAAK;QACD,OAAO,IAAI,CAAC,MAAM,CAAC;IACvB,CAAC;IAED,KAAK;QACD,6CAA6C;QAC7C,OAAO,iBAAiB,CAAC;IAC7B,CAAC;IAED,QAAQ;QACJ,OAAO,EAAE,gBAAgB,EAAE,IAAI,CAAC,gBAAgB,EAAE,CAAC;IACvD,CAAC;IAED,KAAK;QACD,OAAO,IAAI,CAAC,MAAM,CAAC;IACvB,CAAC;IAED,cAAc,CAAC,KAAa;QACxB,MAAM,GAAG,GAAG,KAAK,GAAG,GAAG,CAAC;QACxB,MAAM,GAAG,GAAG,KAAK,GAAG,GAAG,CAAC;QACxB,MAAM,QAAQ,GAAG,IAAI,CAAC,MAAM,EAAE,GAAG,CAAC,GAAG,GAAG,GAAG,CAAC,GAAG,GAAG,CAAC;QACnD,OAAO,QAAQ,CAAC;IACpB,CAAC;IAED,QAAQ;QACJ,OAAO,IAAI,CAAC,MAAM,2BAAmB,CAAC;IAC1C,CAAC;IAED,aAAa,CAAC,MAAgB;QAC1B,oBAAoB;QACpB,IAAI,CAAC,OAAO,GAAG,MAAM,CAAC;IAC1B,CAAC;IAED,YAAY,CAAC,KAAuB;QAChC,qEAAqE;QACrE,wCAAwC;QACxC,IAAI,CAAC,gBAAgB,GAAG,KAAK,CAAC,gBAAgB,mCAAkB,CAAC;QACjE,IAAI,CAAC,YAAY,GAAG,IAAA,qBAAY,EAAC,IAAI,CAAC,gBAAgB,EAAE,IAAI,CAAC,CAAC;QAE9D,IAAI,CAAC,IAAA,2BAAkB,EAAC,IAAI,CAAC,gBAAgB,CAAC,EAAE;YAC5C,2DAA2D;YAC3D,sBAAsB;YACtB,IAAI,CAAC,cAAc,CAAC,IAAI,CAAC,KAAK,EAAE,CAAC,CAAC;SACrC;IACL,CAAC;IAED,QAAQ;QACJ,OAAO,CAAC,IAAA,2BAAkB,EAAC,IAAI,CAAC,gBAAgB,CAAC,CAAC;IACtD,CAAC;IAED,QAAQ;QACJ,OAAO,CACH,CAAC,IAAA,2BAAkB,EAAC,IAAI,CAAC,gBAAgB,CAAC;YAC1C,IAAI,CAAC,gBAAgB,+BAAiB;YACtC,IAAI,CAAC,QAAQ,EAAE,CAClB,CAAC;IACN,CAAC;IAED,gBAAgB,CAAC,OAAe,EAAE,WAAmB,IAAI;QACrD,IAAI,CAAC,MAAM,CAAC,SAAS,GAAG,OAAO,CAAC;QAChC,IAAI,CAAC,MAAM,CAAC,KAAK,CAAC,OAAO,GAAG,OAAO,CAAC;QACpC,UAAU,CAAC,GAAG,EAAE;YACZ,IAAI,CAAC,gBAAgB,EAAE,CAAC;QAC5B,CAAC,EAAE,QAAQ,CAAC,CAAC;IACjB,CAAC;IAED,gBAAgB;QACZ,IAAI,CAAC,MAAM,CAAC,KAAK,CAAC,OAAO,GAAG,MAAM,CAAC;IACvC,CAAC;IAED,KAAK;QACD,IAAI,IAAI,CAAC,gBAAgB,+BAAiB,EAAE;YACxC,OAAO;SACV;QACD,IAAI,CAAC,SAAS,GAAG,IAAI,CAAC,YAAY,CAAC;QACnC,IAAI,CAAC,aAAa,GAAG,IAAI,CAAC,gBAAgB,CAAC;QAC3C,IAAI,CAAC,gBAAgB,6BAAe,CAAC;QACrC,IAAI,CAAC,YAAY,GAAG,IAAA,qBAAY,EAAC,IAAI,CAAC,gBAAgB,EAAE,IAAI,CAAC,CAAC;QAC9D,IAAI,CAAC,gBAAgB,CAAC,IAAI,CAAC,CAAC;IAChC,CAAC;IAED,KAAK,CAAC,SAAoB,EAAE,MAAyB;QACjD,IAAI,CAAC,gBAAgB,6BAAe,CAAC;QACrC,IAAI,CAAC,YAAY,GAAG,IAAI,mBAAU,CAAC,IAAI,EAAE,SAAS,EAAE,MAAM,CAAC,CAAC;IAChE,CAAC;IAED,QAAQ;QACJ,IAAI,CAAC,EAAE,CAAC,KAAK,CAAC,SAAS,GAAG,YAAY,CAAC;IAC3C,CAAC;IAED,SAAS;QACL,IAAI,CAAC,EAAE,CAAC,KAAK,CAAC,SAAS,GAAG,WAAW,CAAC;IAC1C,CAAC;IAED,YAAY,CAAC,IAAY;QACrB,IAAI,IAAI,CAAC,EAAE,CAAC,GAAG,CAAC,QAAQ,CAAC,IAAI,IAAI,WAAW,CAAC,EAAE;YAC3C,OAAO;SACV;QACD,IAAI,CAAC,EAAE,CAAC,GAAG,GAAG,GAAG,IAAI,CAAC,OAAO,IAAI,IAAI,WAAW,CAAC;IACrD,CAAC;IAED,eAAe,CAAC,SAAiB;QAC7B,sBAAsB;QACtB,IAAI,kBAAkB,GAAyB,SAAS,CAAC;QACzD,KAAK,IAAI,CAAC,GAAG,CAAC,EAAE,CAAC,GAAG,IAAI,CAAC,QAAQ,CAAC,cAAc,CAAC,MAAM,EAAE,CAAC,EAAE,EAAE;YAC1D,IAAI,IAAI,CAAC,QAAQ,CAAC,cAAc,CAAC,CAAC,CAAC,CAAC,KAAK,KAAK,SAAS,EAAE;gBACrD,kBAAkB;oBACd,IAAI,CAAC,QAAQ,CAAC,cAAc,CAAC,CAAC,CAAC,CAAC,kBAAkB,CAAC;aAC1D;SACJ;QACD,IAAI,CAAC,kBAAkB,EAAE;YACrB,MAAM,IAAI,qBAAqB,EAAE,CAAC;SACrC;QACD,iCAAiC;QACjC,MAAM,GAAG,GAAG,IAAI,CAAC,KAAK,CAAC,IAAI,CAAC,MAAM,EAAE,GAAG,kBAAkB,CAAC,MAAM,CAAC,CAAC;QAClE,OAAO,kBAAkB,CAAC,GAAG,CAAC,CAAC;IACnC,CAAC;IAED,SAAS;QACL,IACI,IAAI,CAAC,YAAY,CAAC,mBAAmB,KAAK,4BAAmB,CAAC,IAAI,EACpE;YACE,IAAI,CAAC,QAAQ,EAAE,CAAC;SACnB;aAAM,IACH,IAAI,CAAC,YAAY,CAAC,mBAAmB,KAAK,4BAAmB,CAAC,KAAK,EACrE;YACE,IAAI,CAAC,SAAS,EAAE,CAAC;SACpB;QACD,IAAI,CAAC,YAAY,CAAC,IAAI,CAAC,YAAY,CAAC,WAAW,CAAC,CAAC;QAEjD,yBAAyB;QACzB,IACI,IAAI,CAAC,SAAS,EAAE;YAChB,IAAI,CAAC,gBAAgB,4CAAuB;YAC5C,IAAI,CAAC,QAAQ,EAAE,EACjB;YACE,IACI,IAAI,CAAC,MAAM,EAAE,EAAE,SAAS,EAAE;gBAC1B,CAAC,IAAA,2BAAkB,EAAC,IAAI,CAAC,gBAAgB,CAAC,EAC5C;gBACE,IAAI,CAAC,YAAY,GAAG,IAAA,qBAAY,2CAAqB,IAAI,CAAC,CAAC;gBAC3D,IAAI,CAAC,gBAAgB,0CAAqB,CAAC;gBAC3C,OAAO;aACV;SACJ;QAED,IAAI,WAAW,GAAG,IAAI,CAAC,YAAY,CAAC,SAAS,EAAE,CAAC;QAChD,IAAI,WAAW,KAAK,oBAAW,CAAC,aAAa,EAAE;YAC3C,6BAA6B;YAC7B,IAAI,IAAI,CAAC,SAAS,IAAI,IAAI,CAAC,aAAa,EAAE;gBACtC,IAAI,CAAC,YAAY,GAAG,IAAI,CAAC,SAAS,CAAC;gBACnC,IAAI,CAAC,gBAAgB,GAAG,IAAI,CAAC,aAAa,CAAC;gBAC3C,IAAI,CAAC,SAAS,GAAG,SAAS,CAAC;gBAC3B,IAAI,CAAC,aAAa,GAAG,SAAS,CAAC;gBAC/B,OAAO;aACV;YAED,IAAI,SAAS,GAAG,IAAI,CAAC,eAAe,CAAC,IAAI,CAAC,gBAAgB,CAAC,CAAC;YAC5D,IAAI,CAAC,YAAY,GAAG,IAAA,qBAAY,EAAC,SAAS,EAAE,IAAI,CAAC,CAAC;YAClD,IAAI,CAAC,gBAAgB,GAAG,SAAS,CAAC;SACrC;aAAM,IAAI,WAAW,KAAK,oBAAW,CAAC,WAAW,EAAE;YAChD,IAAI,IAAI,CAAC,gBAAgB,+BAAiB,EAAE;gBACxC,IAAI,SAAS,GAAG,IAAI,CAAC,eAAe,4CAAqB,CAAC;gBAC1D,IAAI,CAAC,YAAY,GAAG,IAAA,qBAAY,EAAC,SAAS,EAAE,IAAI,CAAC,CAAC;gBAClD,IAAI,CAAC,gBAAgB,GAAG,SAAS,CAAC;aACrC;iBAAM,IAAI,IAAI,CAAC,gBAAgB,4CAAuB,EAAE;gBACrD,IAAI,SAAS,GAAG,IAAI,CAAC,eAAe,4CAAqB,CAAC;gBAC1D,IAAI,CAAC,YAAY,GAAG,IAAA,qBAAY,EAAC,SAAS,EAAE,IAAI,CAAC,CAAC;gBAClD,IAAI,CAAC,gBAAgB,GAAG,SAAS,CAAC;aACrC;SACJ;IACL,CAAC;IAED,SAAS;QACL,OAAO,IAAI,CAAC,OAAO,KAAK,SAAS,CAAC;IACtC,CAAC;IAED,MAAM;QACF,OAAO,IAAI,CAAC,OAAO,CAAC;IACxB,CAAC;IAED,IAAI;QACA,OAAO,IAAI,CAAC,KAAK,CAAC;IACtB,CAAC;IAED,eAAe,CAAC,MAAgB;QAC5B,IAAI,CAAC,OAAO,GAAG,MAAM,CAAC;QACtB,OAAO,CAAC,GAAG,CAAC,IAAI,CAAC,IAAI,EAAE,EAAE,4BAA4B,EAAE,MAAM,CAAC,IAAI,EAAE,CAAC,CAAC;QACtE,OAAO,IAAI,CAAC;IAChB,CAAC;IAED,SAAS;QACL,OAAO,CACH,IAAI,CAAC,QAAQ,EAAE;YACf,CAAC,IAAI,CAAC,gBAAgB,sCAAoB;gBACtC,IAAI,CAAC,gBAAgB,oCAAmB,CAAC,CAChD,CAAC;IACN,CAAC;IAED,KAAK;QACD,OAAO,IAAI,CAAC;IAChB,CAAC;;AAGL,MAAa,MAAO,SAAQ,WAAW;IACnC,KAAK,GAAG,QAAQ,CAAC;IACjB,QAAQ,GAAG;QACP,aAAa,iCAAgB;QAC7B,cAAc,EAAE;YACZ;gBACI,KAAK,iCAAgB;gBACrB,kBAAkB,EAAE,6DAA8B;aACrD;YACD;gBACI,KAAK,wBAAY;gBACjB,kBAAkB,EAAE,wEAAmC;aAC1D;YACD;gBACI,KAAK,qCAAkB;gBACvB,kBAAkB,EAAE,oEAAiC;aACxD;YACD;gBACI,KAAK,mCAAiB;gBACtB,kBAAkB,EAAE;;;;iBAInB;aACJ;YACD;gBACI,KAAK,8CAAsB;gBAC3B,kBAAkB,EAAE,4CAAqB;aAC5C;YACD;gBACI,KAAK,4CAAqB;gBAC1B,kBAAkB,EAAE,4CAAqB;aAC5C;YACD;gBACI,KAAK,4CAAqB;gBAC1B,kBAAkB,EAAE,0BAAa;aACpC;YACD;gBACI,KAAK,0BAAa;gBAClB,kBAAkB,EAAE;;;;iBAInB;aACJ;YACD;gBACI,KAAK,4BAAc;gBACnB,kBAAkB,EAAE,4CAAqB;aAC5C;YACD;gBACI,KAAK,4CAAqB;gBAC1B,kBAAkB,EAAE,wEAAmC;aAC1D;SACJ;KACJ,CAAC;IACF,KAAK;QACD,OAAO,IAAI,CAAC;IAChB,CAAC;IACD,KAAK;QACD,OAAO,yDAAyD,CAAC;IACrE,CAAC;CACJ;AA7DD,wBA6DC;AACD,MAAa,GAAI,SAAQ,WAAW;IAChC,KAAK,GAAG,KAAK,CAAC;IACd,QAAQ,GAAG;QACP,aAAa,iCAAgB;QAC7B,cAAc,EAAE;YACZ;gBACI,KAAK,iCAAgB;gBACrB,kBAAkB,EAAE,wEAAmC;aAC1D;YACD;gBACI,KAAK,qCAAkB;gBACvB,kBAAkB,EAAE,oEAAiC;aACxD;YACD;gBACI,KAAK,mCAAiB;gBACtB,kBAAkB,EAAE,oEAAiC;aACxD;YACD;gBACI,KAAK,mCAAiB;gBACtB,kBAAkB,EAAE;;;;;iBAKnB;aACJ;YACD;gBACI,KAAK,iCAAgB;gBACrB,kBAAkB,EAAE;;;;;iBAKnB;aACJ;YACD;gBACI,KAAK,8CAAsB;gBAC3B,kBAAkB,EAAE,4CAAqB;aAC5C;YACD;gBACI,KAAK,4CAAqB;gBAC1B,kBAAkB,EAAE,4CAAqB;aAC5C;YACD;gBACI,KAAK,4CAAqB;gBAC1B,kBAAkB,EAAE,0BAAa;aACpC;YACD;gBACI,KAAK,0BAAa;gBAClB,kBAAkB,EAAE;;;;iBAInB;aACJ;YACD;gBACI,KAAK,4BAAc;gBACnB,kBAAkB,EAAE,4CAAqB;aAC5C;YACD;gBACI,KAAK,4CAAqB;gBAC1B,kBAAkB,EAAE;;;;;iBAKnB;aACJ;SACJ;KACJ,CAAC;IACF,KAAK;QACD,OAAO,IAAI,CAAC;IAChB,CAAC;IACD,KAAK;QACD,OAAO,eAAe,CAAC;IAC3B,CAAC;CACJ;AA5ED,kBA4EC;AAED,MAAa,GAAI,SAAQ,WAAW;IAChC,KAAK,GAAG,KAAK,CAAC;IACd,QAAQ,GAAG;QACP,aAAa,iCAAgB;QAC7B,cAAc,EAAE;YACZ;gBACI,KAAK,iCAAgB;gBACrB,kBAAkB,EAAE;;;;iBAInB;aACJ;YACD;gBACI,KAAK,wBAAY;gBACjB,kBAAkB,EAAE,wEAAmC;aAC1D;YACD;gBACI,KAAK,qCAAkB;gBACvB,kBAAkB,EAAE,oEAAiC;aACxD;YACD;gBACI,KAAK,mCAAiB;gBACtB,kBAAkB,EAAE,oEAAiC;aACxD;YACD;gBACI,KAAK,mCAAiB;gBACtB,kBAAkB,EAAE;;;;;iBAKnB;aACJ;YACD;gBACI,KAAK,iCAAgB;gBACrB,kBAAkB,EAAE;;;;;iBAKnB;aACJ;YACD;gBACI,KAAK,4BAAc;gBACnB,kBAAkB,EAAE,4CAAqB;aAC5C;YACD;gBACI,KAAK,4CAAqB;gBAC1B,kBAAkB,EAAE;;;;;iBAKnB;aACJ;SACJ;KACJ,CAAC;IACF,KAAK;QACD,OAAO,IAAI,CAAC;IAChB,CAAC;IACD,KAAK;QACD,0CAA0C;QAC1C,OAAO,8FAA8F,CAAC;IAC1G,CAAC;CACJ;AAjED,kBAiEC;AAED,MAAa,KAAM,SAAQ,WAAW;IAClC,KAAK,GAAG,OAAO,CAAC;IAChB,QAAQ,GAAG;QACP,aAAa,iCAAgB;QAC7B,cAAc,EAAE;YACZ;gBACI,KAAK,iCAAgB;gBACrB,kBAAkB,EAAE,wEAAmC;aAC1D;YACD;gBACI,KAAK,qCAAkB;gBACvB,kBAAkB,EAAE,oEAAiC;aACxD;YACD;gBACI,KAAK,mCAAiB;gBACtB,kBAAkB,EAAE,oEAAiC;aACxD;YACD;gBACI,KAAK,mCAAiB;gBACtB,kBAAkB,EAAE;;;;iBAInB;aACJ;YACD;gBACI,KAAK,iCAAgB;gBACrB,kBAAkB,EAAE;;;;iBAInB;aACJ;YACD;gBACI,KAAK,4BAAc;gBACnB,kBAAkB,EAAE,4CAAqB;aAC5C;YACD;gBACI,KAAK,4CAAqB;gBAC1B,kBAAkB,EAAE;;;;;iBAKnB;aACJ;SACJ;KACJ,CAAC;IACF,KAAK;QACD,OAAO,IAAI,CAAC;IAChB,CAAC;IACD,KAAK;QACD,OAAO,qCAAqC,CAAC;IACjD,CAAC;CACJ;AAtDD,sBAsDC;AAED,MAAa,MAAO,SAAQ,WAAW;IACnC,KAAK,GAAG,QAAQ,CAAC;IACjB,QAAQ,GAAG;QACP,aAAa,iCAAgB;QAC7B,cAAc,EAAE;YACZ;gBACI,KAAK,iCAAgB;gBACrB,kBAAkB,EAAE,wEAAmC;aAC1D;YACD;gBACI,KAAK,qCAAkB;gBACvB,kBAAkB,EAAE,oEAAiC;aACxD;YACD;gBACI,KAAK,mCAAiB;gBACtB,kBAAkB,EAAE,oEAAiC;aACxD;YACD;gBACI,KAAK,mCAAiB;gBACtB,kBAAkB,EAAE,iCAAgB;aACvC;YACD;gBACI,KAAK,iCAAgB;gBACrB,kBAAkB,EAAE,iCAAgB;aACvC;YACD;gBACI,KAAK,4BAAc;gBACnB,kBAAkB,EAAE,4CAAqB;aAC5C;YACD;gBACI,KAAK,4CAAqB;gBAC1B,kBAAkB,EAAE;;;;;iBAKnB;aACJ;SACJ;KACJ,CAAC;IACF,KAAK;QACD,OAAO,IAAI,CAAC;IAChB,CAAC;IACD,KAAK;QACD,OAAO,4DAA4D,CAAC;IACxE,CAAC;CACJ;AA9CD,wBA8CC;AAED,MAAa,UAAW,SAAQ,WAAW;IACvC,KAAK,GAAG,aAAa,CAAC;IACtB,QAAQ,GAAG;QACP,aAAa,iCAAgB;QAC7B,cAAc,EAAE;YACZ;gBACI,KAAK,iCAAgB;gBACrB,kBAAkB,EAAE,wEAAmC;aAC1D;YACD;gBACI,KAAK,qCAAkB;gBACvB,kBAAkB,EAAE,oEAAiC;aACxD;YACD;gBACI,KAAK,mCAAiB;gBACtB,kBAAkB,EAAE,oEAAiC;aACxD;YACD;gBACI,KAAK,mCAAiB;gBACtB,kBAAkB,EAAE,iCAAgB;aACvC;YACD;gBACI,KAAK,iCAAgB;gBACrB,kBAAkB,EAAE,iCAAgB;aACvC;YACD;gBACI,KAAK,4BAAc;gBACnB,kBAAkB,EAAE,4CAAqB;aAC5C;YACD;gBACI,KAAK,4CAAqB;gBAC1B,kBAAkB,EAAE;;;;;iBAKnB;aACJ;SACJ;KACJ,CAAC;IACF,KAAK;QACD,OAAO,IAAI,CAAC;IAChB,CAAC;IACD,KAAK;QACD,OAAO,iCAAiC,CAAC;IAC7C,CAAC;CACJ;AA9CD,gCA8CC;AAED,MAAa,SAAU,SAAQ,WAAW;IACtC,KAAK,GAAG,WAAW,CAAC;IACpB,QAAQ,GAAG;QACP,aAAa,iCAAgB;QAC7B,cAAc,EAAE;YACZ;gBACI,KAAK,iCAAgB;gBACrB,kBAAkB,EAAE,wEAAmC;aAC1D;YACD;gBACI,KAAK,qCAAkB;gBACvB,kBAAkB,EAAE,oEAAiC;aACxD;YACD;gBACI,KAAK,mCAAiB;gBACtB,kBAAkB,EAAE,oEAAiC;aACxD;YACD;gBACI,KAAK,mCAAiB;gBACtB,kBAAkB,EAAE,iCAAgB;aACvC;YACD;gBACI,KAAK,iCAAgB;gBACrB,kBAAkB,EAAE,iCAAgB;aACvC;YACD;gBACI,KAAK,4BAAc;gBACnB,kBAAkB,EAAE,4CAAqB;aAC5C;YACD;gBACI,KAAK,4CAAqB;gBAC1B,kBAAkB,EAAE;;;;;iBAKnB;aACJ;SACJ;KACJ,CAAC;IACF,KAAK;QACD,OAAO,IAAI,CAAC;IAChB,CAAC;IACD,KAAK;QACD,gDAAgD;QAChD,OAAO,iBAAiB,CAAC;IAC7B,CAAC;CACJ;AA/CD,8BA+CC;AAED,MAAa,IAAK,SAAQ,WAAW;IACjC,KAAK,GAAG,MAAM,CAAC;IACf,QAAQ,GAAG;QACP,aAAa,iCAAgB;QAC7B,cAAc,EAAE;YACZ;gBACI,KAAK,iCAAgB;gBACrB,kBAAkB,EAAE,wEAAmC;aAC1D;YACD;gBACI,KAAK,qCAAkB;gBACvB,kBAAkB,EAAE,oEAAiC;aACxD;YACD;gBACI,KAAK,mCAAiB;gBACtB,kBAAkB,EAAE,oEAAiC;aACxD;YACD;gBACI,KAAK,mCAAiB;gBACtB,kBAAkB,EAAE,iCAAgB;aACvC;YACD;gBACI,KAAK,iCAAgB;gBACrB,kBAAkB,EAAE,iCAAgB;aACvC;YACD;gBACI,KAAK,4BAAc;gBACnB,kBAAkB,EAAE,4CAAqB;aAC5C;YACD;gBACI,KAAK,4CAAqB;gBAC1B,kBAAkB,EAAE;;;;;iBAKnB;aACJ;SACJ;KACJ,CAAC;IACF,KAAK;QACD,OAAO,IAAI,CAAC;IAChB,CAAC;IACD,KAAK;QACD,OAAO,yCAAyC,CAAC;IACrD,CAAC;CACJ;AA9CD,oBA8CC;AAED,MAAa,KAAM,SAAQ,WAAW;IAClC,KAAK,GAAG,OAAO,CAAC;IAChB,QAAQ,GAAG;QACP,aAAa,iCAAgB;QAC7B,cAAc,EAAE;YACZ;gBACI,KAAK,iCAAgB;gBACrB,kBAAkB,EAAE,wEAAmC;aAC1D;YACD;gBACI,KAAK,qCAAkB;gBACvB,kBAAkB,EAAE,oEAAiC;aACxD;YACD;gBACI,KAAK,mCAAiB;gBACtB,kBAAkB,EAAE,oEAAiC;aACxD;YACD;gBACI,KAAK,mCAAiB;gBACtB,kBAAkB,EAAE,iCAAgB;aACvC;YACD;gBACI,KAAK,iCAAgB;gBACrB,kBAAkB,EAAE,iCAAgB;aACvC;YACD;gBACI,KAAK,4BAAc;gBACnB,kBAAkB,EAAE,4CAAqB;aAC5C;YACD;gBACI,KAAK,4CAAqB;gBAC1B,kBAAkB,EAAE;;;;;iBAKnB;aACJ;SACJ;KACJ,CAAC;IACF,KAAK;QACD,OAAO,GAAG,CAAC;IACf,CAAC;IACD,KAAK;QACD,4CAA4C;QAC5C,OAAO,kFAAkF,CAAC;IAC9F,CAAC;CACJ;AA/CD,sBA+CC;AAED,MAAa,KAAM,SAAQ,WAAW;IAClC,KAAK,GAAG,OAAO,CAAC;IAChB,QAAQ,GAAG;QACP,aAAa,iCAAgB;QAC7B,cAAc,EAAE;YACZ;gBACI,KAAK,iCAAgB;gBACrB,kBAAkB,EAAE,wEAAmC;aAC1D;YACD;gBACI,KAAK,qCAAkB;gBACvB,kBAAkB,EAAE,oEAAiC;aACxD;YACD;gBACI,KAAK,mCAAiB;gBACtB,kBAAkB,EAAE,sEAAkC;aACzD;SACJ;KACJ,CAAC;IACF,KAAK;QACD,OAAO,IAAI,CAAC;IAChB,CAAC;IACD,QAAQ;QACJ,OAAO,KAAK,CAAC;IACjB,CAAC;IACD,KAAK;QACD,OAAO,6BAA6B,CAAC;IACzC,CAAC;CACJ;AA5BD,sBA4BC;AAED,MAAa,mBAAmB;IAC5B,OAAO,CAAU;IAEjB,YAAY,OAAgB;QACxB,IAAI,CAAC,OAAO,GAAG,OAAO,CAAC;IAC3B,CAAC;CACJ;AAND,kDAMC;AAED,SAAgB,SAAS,CACrB,OAAe,EACf,EAAoB,EACpB,SAAyB,EACzB,MAAsB,EACtB,IAAa,EACb,IAAY,EACZ,MAAc,EACd,OAAe,EACf,KAAa,EACb,IAAY;IAEZ,IAAI,IAAI,KAAK,SAAS,IAAI,IAAI,KAAK,IAAI,IAAI,IAAI,KAAK,EAAE,EAAE;QACpD,MAAM,IAAI,mBAAmB,CAAC,mBAAmB,CAAC,CAAC;KACtD;IACD,IAAI,OAAO,KAAK,QAAQ,EAAE;QACtB,OAAO,IAAI,MAAM,CACb,EAAE,EACF,SAAS,EACT,MAAM,EACN,IAAI,EACJ,IAAI,EACJ,MAAM,EACN,OAAO,EACP,KAAK,EACL,IAAI,0BAEP,CAAC;KACL;IACD,IAAI,OAAO,KAAK,KAAK,EAAE;QACnB,OAAO,IAAI,GAAG,CACV,EAAE,EACF,SAAS,EACT,MAAM,EACN,IAAI,EACJ,IAAI,EACJ,MAAM,EACN,OAAO,EACP,KAAK,EACL,IAAI,0BAEP,CAAC;KACL;SAAM,IAAI,OAAO,KAAK,KAAK,EAAE;QAC1B,OAAO,IAAI,GAAG,CACV,EAAE,EACF,SAAS,EACT,MAAM,EACN,IAAI,EACJ,IAAI,EACJ,MAAM,EACN,OAAO,EACP,KAAK,EACL,IAAI,0BAEP,CAAC;KACL;SAAM,IAAI,OAAO,KAAK,OAAO,EAAE;QAC5B,OAAO,IAAI,KAAK,CACZ,EAAE,EACF,SAAS,EACT,MAAM,EACN,IAAI,EACJ,IAAI,EACJ,MAAM,EACN,OAAO,EACP,KAAK,EACL,IAAI,4BAEP,CAAC;KACL;SAAM,IAAI,OAAO,KAAK,QAAQ,EAAE;QAC7B,OAAO,IAAI,MAAM,CACb,EAAE,EACF,SAAS,EACT,MAAM,EACN,IAAI,EACJ,IAAI,EACJ,MAAM,EACN,OAAO,EACP,KAAK,EACL,IAAI,wBAEP,CAAC;KACL;SAAM,IAAI,OAAO,KAAK,WAAW,EAAE;QAChC,OAAO,IAAI,SAAS,CAChB,EAAE,EACF,SAAS,EACT,MAAM,EACN,IAAI,EACJ,IAAI,EACJ,MAAM,EACN,OAAO,EACP,KAAK,EACL,IAAI,0BAEP,CAAC;KACL;SAAM,IAAI,OAAO,KAAK,MAAM,EAAE;QAC3B,OAAO,IAAI,IAAI,CACX,EAAE,EACF,SAAS,EACT,MAAM,EACN,IAAI,EACJ,IAAI,EACJ,MAAM,EACN,OAAO,EACP,KAAK,EACL,IAAI,wBAEP,CAAC;KACL;SAAM,IAAI,OAAO,KAAK,aAAa,EAAE;QAClC,OAAO,IAAI,UAAU,CACjB,EAAE,EACF,SAAS,EACT,MAAM,EACN,IAAI,EACJ,IAAI,EACJ,MAAM,EACN,OAAO,EACP,KAAK,EACL,IAAI,wBAEP,CAAC;KACL;SAAM,IAAI,OAAO,KAAK,OAAO,EAAE;QAC5B,OAAO,IAAI,KAAK,CACZ,EAAE,EACF,SAAS,EACT,MAAM,EACN,IAAI,EACJ,IAAI,EACJ,MAAM,EACN,OAAO,EACP,KAAK,EACL,IAAI,4BAEP,CAAC;KACL;SAAM,IAAI,OAAO,KAAK,OAAO,EAAE;QAC5B,OAAO,IAAI,KAAK,CACZ,EAAE,EACF,SAAS,EACT,MAAM,EACN,IAAI,EACJ,IAAI,EACJ,MAAM,EACN,OAAO,EACP,KAAK,EACL,IAAI,yBAEP,CAAC;KACL;IACD,MAAM,IAAI,mBAAmB,CAAC,wBAAwB,CAAC,CAAC;AAC5D,CAAC;AApJD,8BAoJC"},"_coverageSchema":"1a1c01bbd47fc00a2c39e90264f33305004495a9","hash":"14ce335562e7f6ada07b01e9c0722afaa538a978"},"/Users/anthonyshaw/projects/vscode-pets/out/panel/states.js":{"path":"/Users/anthonyshaw/projects/vscode-pets/out/panel/states.js","statementMap":{"0":{"start":{"line":2,"column":0},"end":{"line":2,"column":62}},"1":{"start":{"line":3,"column":0},"end":{"line":3,"column":548}},"2":{"start":{"line":7,"column":0},"end":{"line":7,"column":44}},"3":{"start":{"line":17,"column":0},"end":{"line":17,"column":42}},"4":{"start":{"line":22,"column":0},"end":{"line":22,"column":38}},"5":{"start":{"line":24,"column":0},"end":{"line":28,"column":92}},"6":{"start":{"line":25,"column":4},"end":{"line":25,"column":66}},"7":{"start":{"line":26,"column":4},"end":{"line":26,"column":68}},"8":{"start":{"line":27,"column":4},"end":{"line":27,"column":72}},"9":{"start":{"line":30,"column":0},"end":{"line":35,"column":68}},"10":{"start":{"line":31,"column":4},"end":{"line":31,"column":68}},"11":{"start":{"line":32,"column":4},"end":{"line":32,"column":68}},"12":{"start":{"line":34,"column":4},"end":{"line":34,"column":64}},"13":{"start":{"line":43,"column":8},"end":{"line":43,"column":21}},"14":{"start":{"line":44,"column":8},"end":{"line":44,"column":21}},"15":{"start":{"line":45,"column":8},"end":{"line":45,"column":21}},"16":{"start":{"line":46,"column":8},"end":{"line":46,"column":21}},"17":{"start":{"line":47,"column":8},"end":{"line":47,"column":28}},"18":{"start":{"line":50,"column":0},"end":{"line":50,"column":30}},"19":{"start":{"line":52,"column":4},"end":{"line":55,"column":62}},"20":{"start":{"line":57,"column":0},"end":{"line":57,"column":48}},"21":{"start":{"line":59,"column":4},"end":{"line":86,"column":5}},"22":{"start":{"line":61,"column":12},"end":{"line":61,"column":41}},"23":{"start":{"line":63,"column":12},"end":{"line":63,"column":43}},"24":{"start":{"line":65,"column":12},"end":{"line":65,"column":42}},"25":{"start":{"line":67,"column":12},"end":{"line":67,"column":42}},"26":{"start":{"line":69,"column":12},"end":{"line":69,"column":41}},"27":{"start":{"line":71,"column":12},"end":{"line":71,"column":37}},"28":{"start":{"line":73,"column":12},"end":{"line":73,"column":46}},"29":{"start":{"line":75,"column":12},"end":{"line":75,"column":47}},"30":{"start":{"line":77,"column":12},"end":{"line":77,"column":46}},"31":{"start":{"line":79,"column":12},"end":{"line":79,"column":38}},"32":{"start":{"line":81,"column":12},"end":{"line":81,"column":39}},"33":{"start":{"line":83,"column":12},"end":{"line":83,"column":46}},"34":{"start":{"line":85,"column":12},"end":{"line":85,"column":45}},"35":{"start":{"line":87,"column":4},"end":{"line":87,"column":33}},"36":{"start":{"line":89,"column":0},"end":{"line":89,"column":36}},"37":{"start":{"line":91,"column":12},"end":{"line":91,"column":22}},"38":{"start":{"line":93,"column":18},"end":{"line":93,"column":24}},"39":{"start":{"line":94,"column":15},"end":{"line":94,"column":17}},"40":{"start":{"line":96,"column":26},"end":{"line":96,"column":50}},"41":{"start":{"line":98,"column":8},"end":{"line":98,"column":29}},"42":{"start":{"line":99,"column":8},"end":{"line":99,"column":23}},"43":{"start":{"line":102,"column":8},"end":{"line":102,"column":27}},"44":{"start":{"line":103,"column":8},"end":{"line":105,"column":9}},"45":{"start":{"line":104,"column":12},"end":{"line":104,"column":45}},"46":{"start":{"line":106,"column":8},"end":{"line":106,"column":41}},"47":{"start":{"line":110,"column":12},"end":{"line":110,"column":22}},"48":{"start":{"line":111,"column":18},"end":{"line":111,"column":24}},"49":{"start":{"line":112,"column":26},"end":{"line":112,"column":51}},"50":{"start":{"line":113,"column":15},"end":{"line":113,"column":17}},"51":{"start":{"line":115,"column":0},"end":{"line":115,"column":36}},"52":{"start":{"line":117,"column":12},"end":{"line":117,"column":17}},"53":{"start":{"line":118,"column":18},"end":{"line":118,"column":23}},"54":{"start":{"line":119,"column":26},"end":{"line":119,"column":51}},"55":{"start":{"line":120,"column":15},"end":{"line":120,"column":17}},"56":{"start":{"line":122,"column":0},"end":{"line":122,"column":28}},"57":{"start":{"line":124,"column":12},"end":{"line":124,"column":28}},"58":{"start":{"line":125,"column":18},"end":{"line":125,"column":28}},"59":{"start":{"line":126,"column":26},"end":{"line":126,"column":50}},"60":{"start":{"line":127,"column":15},"end":{"line":127,"column":17}},"61":{"start":{"line":129,"column":0},"end":{"line":129,"column":46}},"62":{"start":{"line":131,"column":12},"end":{"line":131,"column":18}},"63":{"start":{"line":132,"column":18},"end":{"line":132,"column":24}},"64":{"start":{"line":133,"column":26},"end":{"line":133,"column":50}},"65":{"start":{"line":134,"column":15},"end":{"line":134,"column":17}},"66":{"start":{"line":136,"column":0},"end":{"line":136,"column":30}},"67":{"start":{"line":138,"column":12},"end":{"line":138,"column":19}},"68":{"start":{"line":139,"column":18},"end":{"line":139,"column":25}},"69":{"start":{"line":140,"column":26},"end":{"line":140,"column":53}},"70":{"start":{"line":141,"column":15},"end":{"line":141,"column":17}},"71":{"start":{"line":143,"column":0},"end":{"line":143,"column":32}},"72":{"start":{"line":145,"column":12},"end":{"line":145,"column":28}},"73":{"start":{"line":146,"column":18},"end":{"line":146,"column":29}},"74":{"start":{"line":147,"column":26},"end":{"line":147,"column":50}},"75":{"start":{"line":148,"column":15},"end":{"line":148,"column":17}},"76":{"start":{"line":150,"column":0},"end":{"line":150,"column":46}},"77":{"start":{"line":152,"column":12},"end":{"line":152,"column":24}},"78":{"start":{"line":154,"column":18},"end":{"line":154,"column":24}},"79":{"start":{"line":155,"column":26},"end":{"line":155,"column":51}},"80":{"start":{"line":157,"column":22},"end":{"line":157,"column":23}},"81":{"start":{"line":159,"column":15},"end":{"line":159,"column":17}},"82":{"start":{"line":161,"column":8},"end":{"line":161,"column":65}},"83":{"start":{"line":162,"column":8},"end":{"line":162,"column":23}},"84":{"start":{"line":163,"column":8},"end":{"line":163,"column":29}},"85":{"start":{"line":166,"column":8},"end":{"line":166,"column":27}},"86":{"start":{"line":167,"column":8},"end":{"line":167,"column":89}},"87":{"start":{"line":168,"column":8},"end":{"line":174,"column":9}},"88":{"start":{"line":170,"column":12},"end":{"line":170,"column":45}},"89":{"start":{"line":172,"column":13},"end":{"line":174,"column":9}},"90":{"start":{"line":173,"column":12},"end":{"line":173,"column":45}},"91":{"start":{"line":175,"column":8},"end":{"line":175,"column":41}},"92":{"start":{"line":178,"column":0},"end":{"line":178,"column":40}},"93":{"start":{"line":180,"column":12},"end":{"line":180,"column":23}},"94":{"start":{"line":181,"column":18},"end":{"line":181,"column":24}},"95":{"start":{"line":182,"column":26},"end":{"line":182,"column":50}},"96":{"start":{"line":184,"column":22},"end":{"line":184,"column":23}},"97":{"start":{"line":186,"column":15},"end":{"line":186,"column":17}},"98":{"start":{"line":188,"column":8},"end":{"line":188,"column":23}},"99":{"start":{"line":189,"column":8},"end":{"line":189,"column":29}},"100":{"start":{"line":192,"column":8},"end":{"line":192,"column":89}},"101":{"start":{"line":193,"column":8},"end":{"line":198,"column":9}},"102":{"start":{"line":194,"column":12},"end":{"line":194,"column":45}},"103":{"start":{"line":196,"column":13},"end":{"line":198,"column":9}},"104":{"start":{"line":197,"column":12},"end":{"line":197,"column":45}},"105":{"start":{"line":199,"column":8},"end":{"line":199,"column":41}},"106":{"start":{"line":202,"column":0},"end":{"line":202,"column":38}},"107":{"start":{"line":204,"column":12},"end":{"line":204,"column":23}},"108":{"start":{"line":205,"column":18},"end":{"line":205,"column":29}},"109":{"start":{"line":206,"column":22},"end":{"line":206,"column":25}},"110":{"start":{"line":207,"column":15},"end":{"line":207,"column":18}},"111":{"start":{"line":209,"column":0},"end":{"line":209,"column":38}},"112":{"start":{"line":211,"column":12},"end":{"line":211,"column":22}},"113":{"start":{"line":212,"column":18},"end":{"line":212,"column":29}},"114":{"start":{"line":213,"column":22},"end":{"line":213,"column":25}},"115":{"start":{"line":214,"column":15},"end":{"line":214,"column":18}},"116":{"start":{"line":216,"column":0},"end":{"line":216,"column":36}},"117":{"start":{"line":218,"column":12},"end":{"line":218,"column":19}},"118":{"start":{"line":219,"column":18},"end":{"line":219,"column":23}},"119":{"start":{"line":220,"column":26},"end":{"line":220,"column":50}},"120":{"start":{"line":225,"column":8},"end":{"line":225,"column":23}},"121":{"start":{"line":226,"column":8},"end":{"line":226,"column":35}},"122":{"start":{"line":227,"column":8},"end":{"line":227,"column":29}},"123":{"start":{"line":230,"column":8},"end":{"line":232,"column":9}},"124":{"start":{"line":231,"column":12},"end":{"line":231,"column":43}},"125":{"start":{"line":233,"column":8},"end":{"line":240,"column":9}},"126":{"start":{"line":234,"column":12},"end":{"line":234,"column":64}},"127":{"start":{"line":235,"column":12},"end":{"line":235,"column":70}},"128":{"start":{"line":238,"column":12},"end":{"line":238,"column":65}},"129":{"start":{"line":239,"column":12},"end":{"line":239,"column":70}},"130":{"start":{"line":241,"column":8},"end":{"line":249,"column":9}},"131":{"start":{"line":246,"column":12},"end":{"line":246,"column":47}},"132":{"start":{"line":247,"column":12},"end":{"line":247,"column":41}},"133":{"start":{"line":248,"column":12},"end":{"line":248,"column":45}},"134":{"start":{"line":250,"column":8},"end":{"line":250,"column":41}},"135":{"start":{"line":253,"column":0},"end":{"line":253,"column":32}},"136":{"start":{"line":255,"column":12},"end":{"line":255,"column":26}},"137":{"start":{"line":256,"column":18},"end":{"line":256,"column":23}},"138":{"start":{"line":257,"column":26},"end":{"line":257,"column":50}},"139":{"start":{"line":260,"column":8},"end":{"line":260,"column":23}},"140":{"start":{"line":263,"column":8},"end":{"line":265,"column":9}},"141":{"start":{"line":264,"column":12},"end":{"line":264,"column":43}},"142":{"start":{"line":267,"column":8},"end":{"line":274,"column":9}},"143":{"start":{"line":268,"column":12},"end":{"line":268,"column":64}},"144":{"start":{"line":269,"column":12},"end":{"line":269,"column":70}},"145":{"start":{"line":272,"column":12},"end":{"line":272,"column":65}},"146":{"start":{"line":273,"column":12},"end":{"line":273,"column":70}},"147":{"start":{"line":275,"column":8},"end":{"line":275,"column":41}},"148":{"start":{"line":278,"column":0},"end":{"line":278,"column":44}},"149":{"start":{"line":280,"column":12},"end":{"line":280,"column":29}},"150":{"start":{"line":281,"column":18},"end":{"line":281,"column":29}},"151":{"start":{"line":282,"column":26},"end":{"line":282,"column":50}},"152":{"start":{"line":285,"column":8},"end":{"line":285,"column":23}},"153":{"start":{"line":288,"column":8},"end":{"line":288,"column":55}},"154":{"start":{"line":289,"column":8},"end":{"line":291,"column":9}},"155":{"start":{"line":290,"column":12},"end":{"line":290,"column":45}},"156":{"start":{"line":292,"column":8},"end":{"line":292,"column":41}},"157":{"start":{"line":295,"column":0},"end":{"line":295,"column":48}},"158":{"start":{"line":297,"column":12},"end":{"line":297,"column":28}},"159":{"start":{"line":298,"column":18},"end":{"line":298,"column":34}},"160":{"start":{"line":299,"column":26},"end":{"line":299,"column":51}},"161":{"start":{"line":302,"column":8},"end":{"line":302,"column":23}},"162":{"start":{"line":305,"column":8},"end":{"line":305,"column":55}},"163":{"start":{"line":306,"column":8},"end":{"line":309,"column":9}},"164":{"start":{"line":307,"column":12},"end":{"line":307,"column":54}},"165":{"start":{"line":308,"column":12},"end":{"line":308,"column":45}},"166":{"start":{"line":310,"column":8},"end":{"line":310,"column":41}},"167":{"start":{"line":313,"column":0},"end":{"line":313,"column":46}}},"fnMap":{"0":{"name":"(anonymous_0)","decl":{"start":{"line":24,"column":1},"end":{"line":24,"column":2}},"loc":{"start":{"line":24,"column":32},"end":{"line":28,"column":1}},"line":24},"1":{"name":"(anonymous_1)","decl":{"start":{"line":30,"column":1},"end":{"line":30,"column":2}},"loc":{"start":{"line":30,"column":24},"end":{"line":35,"column":1}},"line":30},"2":{"name":"(anonymous_2)","decl":{"start":{"line":42,"column":4},"end":{"line":42,"column":5}},"loc":{"start":{"line":42,"column":32},"end":{"line":48,"column":5}},"line":42},"3":{"name":"isStateAboveGround","decl":{"start":{"line":51,"column":9},"end":{"line":51,"column":27}},"loc":{"start":{"line":51,"column":35},"end":{"line":56,"column":1}},"line":51},"4":{"name":"resolveState","decl":{"start":{"line":58,"column":9},"end":{"line":58,"column":21}},"loc":{"start":{"line":58,"column":34},"end":{"line":88,"column":1}},"line":58},"5":{"name":"(anonymous_5)","decl":{"start":{"line":97,"column":4},"end":{"line":97,"column":5}},"loc":{"start":{"line":97,"column":21},"end":{"line":100,"column":5}},"line":97},"6":{"name":"(anonymous_6)","decl":{"start":{"line":101,"column":4},"end":{"line":101,"column":5}},"loc":{"start":{"line":101,"column":16},"end":{"line":107,"column":5}},"line":101},"7":{"name":"(anonymous_7)","decl":{"start":{"line":160,"column":4},"end":{"line":160,"column":5}},"loc":{"start":{"line":160,"column":21},"end":{"line":164,"column":5}},"line":160},"8":{"name":"(anonymous_8)","decl":{"start":{"line":165,"column":4},"end":{"line":165,"column":5}},"loc":{"start":{"line":165,"column":16},"end":{"line":176,"column":5}},"line":165},"9":{"name":"(anonymous_9)","decl":{"start":{"line":187,"column":4},"end":{"line":187,"column":5}},"loc":{"start":{"line":187,"column":21},"end":{"line":190,"column":5}},"line":187},"10":{"name":"(anonymous_10)","decl":{"start":{"line":191,"column":4},"end":{"line":191,"column":5}},"loc":{"start":{"line":191,"column":16},"end":{"line":200,"column":5}},"line":191},"11":{"name":"(anonymous_11)","decl":{"start":{"line":224,"column":4},"end":{"line":224,"column":5}},"loc":{"start":{"line":224,"column":40},"end":{"line":228,"column":5}},"line":224},"12":{"name":"(anonymous_12)","decl":{"start":{"line":229,"column":4},"end":{"line":229,"column":5}},"loc":{"start":{"line":229,"column":16},"end":{"line":251,"column":5}},"line":229},"13":{"name":"(anonymous_13)","decl":{"start":{"line":259,"column":4},"end":{"line":259,"column":5}},"loc":{"start":{"line":259,"column":21},"end":{"line":261,"column":5}},"line":259},"14":{"name":"(anonymous_14)","decl":{"start":{"line":262,"column":4},"end":{"line":262,"column":5}},"loc":{"start":{"line":262,"column":16},"end":{"line":276,"column":5}},"line":262},"15":{"name":"(anonymous_15)","decl":{"start":{"line":284,"column":4},"end":
[...]
inary-expr","locations":[{"start":{"line":158,"column":178},"end":{"line":158,"column":188}},{"start":{"line":158,"column":192},"end":{"line":158,"column":195}}],"line":158},"22":{"loc":{"start":{"line":158,"column":205},"end":{"line":158,"column":279}},"type":"binary-expr","locations":[{"start":{"line":158,"column":205},"end":{"line":158,"column":214}},{"start":{"line":158,"column":218},"end":{"line":158,"column":279}}],"line":158},"23":{"loc":{"start":{"line":158,"column":242},"end":{"line":158,"column":260}},"type":"binary-expr","locations":[{"start":{"line":158,"column":242},"end":{"line":158,"column":251}},{"start":{"line":158,"column":255},"end":{"line":158,"column":260}}],"line":158},"24":{"loc":{"start":{"line":168,"column":8},"end":{"line":170,"column":9}},"type":"if","locations":[{"start":{"line":168,"column":8},"end":{"line":170,"column":9}},{"start":{"line":168,"column":8},"end":{"line":170,"column":9}}],"line":168},"25":{"loc":{"start":{"line":173,"column":8},"end":{"line":178,"column":9}},"type":"if","locations":[{"start":{"line":173,"column":8},"end":{"line":178,"column":9}},{"start":{"line":173,"column":8},"end":{"line":178,"column":9}}],"line":173},"26":{"loc":{"start":{"line":175,"column":12},"end":{"line":177,"column":13}},"type":"if","locations":[{"start":{"line":175,"column":12},"end":{"line":177,"column":13}},{"start":{"line":175,"column":12},"end":{"line":177,"column":13}}],"line":175},"27":{"loc":{"start":{"line":187,"column":4},"end":{"line":190,"column":5}},"type":"if","locations":[{"start":{"line":187,"column":4},"end":{"line":190,"column":5}},{"start":{"line":187,"column":4},"end":{"line":190,"column":5}}],"line":187},"28":{"loc":{"start":{"line":192,"column":4},"end":{"line":195,"column":5}},"type":"if","locations":[{"start":{"line":192,"column":4},"end":{"line":195,"column":5}},{"start":{"line":192,"column":4},"end":{"line":195,"column":5}}],"line":192},"29":{"loc":{"start":{"line":203,"column":4},"end":{"line":205,"column":5}},"type":"if","locations":[{"start":{"line":203,"column":4},"end":{"line":205,"column":5}},{"start":{"line":203,"column":4},"end":{"line":205,"column":5}}],"line":203},"30":{"loc":{"start":{"line":208,"column":4},"end":{"line":231,"column":5}},"type":"if","locations":[{"start":{"line":208,"column":4},"end":{"line":231,"column":5}},{"start":{"line":208,"column":4},"end":{"line":231,"column":5}}],"line":208},"31":{"loc":{"start":{"line":210,"column":8},"end":{"line":221,"column":9}},"type":"switch","locations":[{"start":{"line":211,"column":12},"end":{"line":213,"column":22}},{"start":{"line":214,"column":12},"end":{"line":216,"column":22}},{"start":{"line":217,"column":12},"end":{"line":217,"column":53}},{"start":{"line":218,"column":12},"end":{"line":220,"column":22}}],"line":210},"32":{"loc":{"start":{"line":237,"column":8},"end":{"line":239,"column":9}},"type":"if","locations":[{"start":{"line":237,"column":8},"end":{"line":239,"column":9}},{"start":{"line":237,"column":8},"end":{"line":239,"column":9}}],"line":237},"33":{"loc":{"start":{"line":243,"column":8},"end":{"line":245,"column":9}},"type":"if","locations":[{"start":{"line":243,"column":8},"end":{"line":245,"column":9}},{"start":{"line":243,"column":8},"end":{"line":245,"column":9}}],"line":243},"34":{"loc":{"start":{"line":249,"column":8},"end":{"line":251,"column":9}},"type":"if","locations":[{"start":{"line":249,"column":8},"end":{"line":251,"column":9}},{"start":{"line":249,"column":8},"end":{"line":251,"column":9}}],"line":249},"35":{"loc":{"start":{"line":254,"column":8},"end":{"line":261,"column":9}},"type":"if","locations":[{"start":{"line":254,"column":8},"end":{"line":261,"column":9}},{"start":{"line":254,"column":8},"end":{"line":261,"column":9}}],"line":254},"36":{"loc":{"start":{"line":258,"column":13},"end":{"line":261,"column":9}},"type":"if","locations":[{"start":{"line":258,"column":13},"end":{"line":261,"column":9}},{"start":{"line":258,"column":13},"end":{"line":261,"column":9}}],"line":258},"37":{"loc":{"start":{"line":262,"column":8},"end":{"line":271,"column":9}},"type":"if","locations":[{"start":{"line":262,"column":8},"end":{"line":271,"column":9}},{"start":{"line":262,"column":8},"end":{"line":271,"column":9}}],"line":262},"38":{"loc":{"start":{"line":268,"column":13},"end":{"line":271,"column":9}},"type":"if","locations":[{"start":{"line":268,"column":13},"end":{"line":271,"column":9}},{"start":{"line":268,"column":13},"end":{"line":271,"column":9}}],"line":268},"39":{"loc":{"start":{"line":283,"column":4},"end":{"line":292,"column":5}},"type":"if","locations":[{"start":{"line":283,"column":4},"end":{"line":292,"column":5}},{"start":{"line":283,"column":4},"end":{"line":292,"column":5}}],"line":283},"40":{"loc":{"start":{"line":297,"column":8},"end":{"line":356,"column":9}},"type":"switch","locations":[{"start":{"line":298,"column":12},"end":{"line":306,"column":22}},{"start":{"line":307,"column":12},"end":{"line":310,"column":22}},{"start":{"line":311,"column":12},"end":{"line":319,"column":22}},{"start":{"line":320,"column":12},"end":{"line":329,"column":19}},{"start":{"line":330,"column":12},"end":{"line":346,"column":22}},{"start":{"line":347,"column":12},"end":{"line":351,"column":22}},{"start":{"line":352,"column":12},"end":{"line":355,"column":22}}],"line":297},"41":{"loc":{"start":{"line":302,"column":20},"end":{"line":304,"column":21}},"type":"if","locations":[{"start":{"line":302,"column":20},"end":{"line":304,"column":21}},{"start":{"line":302,"column":20},"end":{"line":304,"column":21}}],"line":302},"42":{"loc":{"start":{"line":308,"column":138},"end":{"line":308,"column":191}},"type":"binary-expr","locations":[{"start":{"line":308,"column":138},"end":{"line":308,"column":150}},{"start":{"line":308,"column":154},"end":{"line":308,"column":191}}],"line":308},"43":{"loc":{"start":{"line":332,"column":16},"end":{"line":345,"column":17}},"type":"if","locations":[{"start":{"line":332,"column":16},"end":{"line":345,"column":17}},{"start":{"line":332,"column":16},"end":{"line":345,"column":17}}],"line":332}},"s":{"0":1,"1":1,"2":1,"3":1,"4":1,"5":1,"6":12,"7":0,"8":12,"9":0,"10":12,"11":12,"12":0,"13":10,"14":0,"15":0,"16":0,"17":0,"18":0,"19":0,"20":0,"21":0,"22":10,"23":0,"24":10,"25":0,"26":0,"27":0,"28":0,"29":0,"30":0,"31":0,"32":0,"33":12,"34":0,"35":12,"36":12,"37":55,"38":55,"39":0,"40":55,"41":55,"42":12,"43":12,"44":12,"45":12,"46":12,"47":12,"48":12,"49":12,"50":12,"51":12,"52":12,"53":12,"54":12,"55":12,"56":12,"57":12,"58":0,"59":0,"60":0,"61":0,"62":12,"63":67,"64":0,"65":67,"66":67,"67":67,"68":67,"69":67,"70":67,"71":1,"72":0,"73":0,"74":0,"75":0,"76":0,"77":0,"78":0,"79":0,"80":0,"81":0,"82":0,"83":0,"84":0,"85":0,"86":0,"87":0,"88":0,"89":0,"90":0,"91":0,"92":0,"93":0,"94":0,"95":0,"96":0,"97":12,"98":12,"99":12,"100":12,"101":12,"102":0,"103":0,"104":0,"105":0,"106":0,"107":0,"108":12,"109":12,"110":12,"111":0,"112":12,"113":12,"114":10,"115":10,"116":10,"117":10,"118":0,"119":0,"120":0,"121":0,"122":10,"123":10,"124":10,"125":2,"126":2,"127":12,"128":12,"129":12,"130":12,"131":12,"132":0,"133":0,"134":0,"135":0,"136":0,"137":0,"138":0,"139":0,"140":0,"141":0,"142":0,"143":0,"144":0,"145":0,"146":0,"147":0,"148":0,"149":0,"150":0,"151":0,"152":0,"153":0,"154":0,"155":0,"156":0,"157":0,"158":0,"159":0,"160":0,"161":0,"162":0,"163":12,"164":12,"165":12,"166":12,"167":12,"168":12,"169":12,"170":0,"171":0,"172":12,"173":12,"174":0,"175":0,"176":0,"177":0,"178":0,"179":0,"180":0,"181":0,"182":0,"183":0,"184":0,"185":0,"186":0,"187":0,"188":0,"189":0,"190":0,"191":0,"192":0,"193":0,"194":0,"195":0,"196":0,"197":0,"198":0,"199":0,"200":0,"201":0,"202":0,"203":0,"204":0,"205":0,"206":1,"207":1,"208":0},"f":{"0":12,"1":10,"2":0,"3":0,"4":12,"5":55,"6":0,"7":12,"8":67,"9":67,"10":0,"11":0,"12":0,"13":12,"14":12,"15":12,"16":0,"17":0,"18":0,"19":0,"20":0,"21":0,"22":0},"b":{"0":[0,12],"1":[0,12],"2":[12,0],"3":[0,0,10],"4":[0,0,0,0],"5":[0,0,0,0],"6":[0,10,0,0],"7":[0,0],"8":[0,0],"9":[0,12],"10":[0,67],"11":[67,67],"12":[0,0],"13":[0,0],"14":[0,0],"15":[0,0],"16":[0,0],"17":[0,0],"18":[0,0],"19":[0,0],"20":[0,0],"21":[0,0],"22":[0,0],"23":[0,0],"24":[0,0],"25":[0,0],"26":[0,0],"27":[12,0],"28":[0,0],"29":[0,12],"30":[10,2],"31":[10,0,0,0],"32":[0,0],"33":[0,0],"34":[0,0],"35":[0,0],"36":[0,0],"37":[0,0],"38":[0,0],"39":[12,0],"40":[0,0,0,0,0,0,0],"41":[0,0],"42":[0,0],"43":[0,0]},"inputSourceMap":{"version":3,"file":"main.js","sourceRoot":"","sources":["../../src/panel/main.ts"],"names":[],"mappings":";;;AAAA,oDAAoD;AACpD,2CAA6C;AAS7C,iCAMgB;AAChB,qCAAqE;AAc1D,QAAA,OAAO,GAAmB,IAAI,oBAAa,EAAE,CAAC;AACzD,IAAI,UAAkB,CAAC;AAEvB,SAAS,mBAAmB,CAAC,IAAa;IACtC,IAAI,IAAI,8BAAiB,EAAE;QACvB,OAAO,CAAC,CAAC;KACZ;SAAM,IAAI,IAAI,kCAAmB,EAAE;QAChC,OAAO,CAAC,CAAC;KACZ;SAAM,IAAI,IAAI,gCAAkB,EAAE;QAC/B,OAAO,CAAC,CAAC;KACZ;SAAM;QACH,OAAO,CAAC,CAAC,CAAC,QAAQ;KACrB;AACL,CAAC;AAED,SAAS,cAAc,CAAC,IAAa,EAAE,KAAY;IAC/C,QAAQ,KAAK,EAAE;QACX;YACI,QAAQ,IAAI,EAAE;gBACV;oBACI,OAAO,EAAE,CAAC;gBACd;oBACI,OAAO,EAAE,CAAC;gBACd,+BAAkB;gBAClB;oBACI,OAAO,EAAE,CAAC;aACjB;QACL;YACI,QAAQ,IAAI,EAAE;gBACV;oBACI,OAAO,EAAE,CAAC;gBACd;oBACI,OAAO,GAAG,CAAC;gBACf,+BAAkB;gBAClB;oBACI,OAAO,EAAE,CAAC;aACjB;QACL;YACI,QAAQ,IAAI,EAAE;gBACV;oBACI,OAAO,EAAE,CAAC;gBACd;oBACI,OAAO,GAAG,CAAC;gBACf,+BAAkB;gBAClB;oBACI,OAAO,EAAE,CAAC;aACjB;KACR;IACD,OAAO,CAAC,CAAC;AACb,CAAC;AAED,SAAS,eAAe,CAAC,CAAa;IAClC,IAAI,EAAE,GAAG,CAAC,CAAC,aAA+B,CAAC;IAC3C,eAAO,CAAC,IAAI,EAAE,CAAC,OAAO,CAAC,CAAC,OAAO,EAAE,EAAE;QAC/B,IAAI,OAAO,CAAC,SAAS,KAAK,EAAE,EAAE;YAC1B,IAAI,CAAC,OAAO,CAAC,GAAG,CAAC,QAAQ,EAAE,EAAE;gBACzB,OAAO;aACV;YACD,OAAO,CAAC,GAAG,CAAC,KAAK,EAAE,CAAC;SACvB;IACL,CAAC,CAAC,CAAC;AACP,CAAC;AAED,SAAS,eAAe,CACpB,SAAyB,EACzB,GAAa,EACb,QAAyB;IAEzB,IAAI,CAAC,QAAQ,EAAE;QACX,QAAQ,GAAG,MAAM,CAAC,gBAAgB,EAAE,CAAC;KACxC;IAED,SAAS,CAAC,gBAAgB,CAAC,WAAW,EAAE,eAAe,CAAC,CAAC;IACzD,WAAW,CAAC,GAAG,EAAE;QACb,IAAI,OAAO,GAAG,eAAO,CAAC,cAAc,EAAE,CAAC;QACvC,OAAO,CAAC,OAAO,CAAC,CAAC,OAAO,EAAE,EAAE;YACxB,QAAQ,EAAE,WAAW,CAAC;gBAClB,IAAI,EAAE,OAAO;gBACb,OAAO,EAAE,MAAM;aAClB,CAAC,CAAC;QACP,CAAC,CAAC,CAAC;QACH,GAAG,CAAC,SAAS,EAAE,CAAC;QAChB,SAAS,CAAC,QAAQ,CAAC,CAAC;IACxB,CAAC,EAAE,GAAG,CAAC,CAAC;AACZ,CAAC;AAED,SAAS,aAAa,CAClB,OAAgB,EAChB,UAAkB,EAClB,QAAkB,EAClB,OAAgB,EAChB,IAAY,EACZ,MAAc,EACd,KAAa,EACb,IAAY,EACZ,QAAyB;IAEzB,IAAI,gBAAgB,GAAqB,QAAQ,CAAC,aAAa,CAAC,KAAK,CAAC,CAAC;IACvE,gBAAgB,CAAC,SAAS,GAAG,KAAK,CAAC;IAClC,QAAQ,CAAC,cAAc,CAAC,eAAe,CAAoB,CAAC,WAAW,CACpE,gBAAgB,CACnB,CAAC;IAEF,IAAI,gBAAgB,GAAmB,QAAQ,CAAC,aAAa,CAAC,KAAK,CAAC,CAAC;IACrE,gBAAgB,CAAC,SAAS,GAAG,WAAW,CAAC;IACxC,QAAQ,CAAC,cAAc,CAAC,eAAe,CAAoB,CAAC,WAAW,CACpE,gBAAgB,CACnB,CAAC;IAEF,IAAI,mBAAmB,GAAmB,QAAQ,CAAC,aAAa,CAAC,KAAK,CAAC,CAAC;IACxE,mBAAmB,CAAC,SAAS,GAAG,iBAAiB,OAAO,EAAE,CAAC;IAC3D,mBAAmB,CAAC,SAAS,GAAG,QAAQ,CAAC;IACxC,QAAQ,CAAC,cAAc,CAAC,eAAe,CAAoB,CAAC,WAAW,CACpE,mBAAmB,CACtB,CAAC;IAEF,MAAM,IAAI,GAAG,UAAU,GAAG,GAAG,GAAG,OAAO,GAAG,GAAG,GAAG,QAAQ,CAAC;IACzD,OAAO,CAAC,GAAG,CAAC,qBAAqB,EAAE,OAAO,EAAE,IAAI,EAAE,QAAQ,EAAE,OAAO,EAAE,IAAI,CAAC,CAAC;IAC3E,IAAI;QACA,IAAI,MAAM,GAAG,IAAA,gBAAS,EAClB,OAAO,EACP,gBAAgB,EAChB,gBAAgB,EAChB,mBAAmB,EACnB,OAAO,EACP,IAAI,EACJ,MAAM,EACN,IAAI,EACJ,KAAK,EACL,IAAI,CACP,CAAC;QACF,UAAU,EAAE,CAAC;QACb,eAAe,CAAC,gBAAgB,EAAE,MAAM,EAAE,QAAQ,CAAC,CAAC;KACvD;IAAC,OAAO,CAAM,EAAE;QACb,kBAAkB;QAClB,gBAAgB,CAAC,MAAM,EAAE,CAAC;QAC1B,gBAAgB,CAAC,MAAM,EAAE,CAAC;QAC1B,mBAAmB,CAAC,MAAM,EAAE,CAAC;QAC7B,MAAM,CAAC,CAAC;KACX;IAED,OAAO,IAAI,iBAAU,CACjB,gBAAgB,EAChB,gBAAgB,EAChB,mBAAmB,EACnB,MAAM,EACN,QAAQ,EACR,OAAO,CACV,CAAC;AACN,CAAC;AAED,SAAgB,SAAS,CAAC,QAAyB;IAC/C,IAAI,CAAC,QAAQ,EAAE;QACX,QAAQ,GAAG,MAAM,CAAC,gBAAgB,EAAE,CAAC;KACxC;IACD,IAAI,KAAK,GAAG,IAAI,sBAAa,EAAE,CAAC;IAChC,KAAK,CAAC,SAAS,GAAG,IAAI,KAAK,EAAE,CAAC;IAE9B,eAAO,CAAC,IAAI,EAAE,CAAC,OAAO,CAAC,CAAC,OAAO,EAAE,EAAE;QAC/B,KAAK,CAAC,SAAS,EAAE,IAAI,CAAC;YAClB,OAAO,EAAE,OAAO,CAAC,GAAG,CAAC,IAAI,EAAE;YAC3B,QAAQ,EAAE,OAAO,CAAC,KAAK;YACvB,OAAO,EAAE,OAAO,CAAC,IAAI;YACrB,QAAQ,EAAE,OAAO,CAAC,GAAG,CAAC,QAAQ,EAAE;YAChC,SAAS,EAAE,OAAO,CAAC,GAAG,CAAC,MAAM,EAAE,EAAE,IAAI,EAAE,IAAI,SAAS;YACpD,MAAM,EAAE,OAAO,CAAC,EAAE,CAAC,KAAK,CAAC,IAAI;YAC7B,QAAQ,EAAE,OAAO,CAAC,EAAE,CAAC,KAAK,CAAC,MAAM;SACpC,CAAC,CAAC;IACP,CAAC,CAAC,CAAC;IACH,KAAK,CAAC,UAAU,GAAG,UAAU,CAAC;IAC9B,QAAQ,CAAC,QAAQ,CAAC,KAAK,CAAC,CAAC;AAC7B,CAAC;AApBD,8BAoBC;AAED,SAAS,YAAY,CACjB,UAAkB,EAClB,OAAgB,EAChB,KAAa,EACb,QAAyB;IAEzB,IAAI,CAAC,QAAQ,EAAE;QACX,QAAQ,GAAG,MAAM,CAAC,gBAAgB,EAAE,CAAC;KACxC;IACD,IAAI,KAAK,GAAG,QAAQ,CAAC,QAAQ,EAAE,CAAC;IAChC,IAAI,CAAC,KAAK,EAAE;QACR,UAAU,GAAG,CAAC,CAAC;KAClB;SAAM;QACH,IAAI,KAAK,CAAC,UAAU,KAAK,SAAS,IAAI,KAAK,CAAC,KAAK,CAAC,UAAU,CAAC,EAAE;YAC3D,UAAU,GAAG,CAAC,CAAC;SAClB;aAAM;YACH,UAAU,GAAG,KAAK,CAAC,UAAU,IAAI,CAAC,CAAC;SACtC;KACJ;IAED,IAAI,WAAW,GAAmC,IAAI,GAAG,EAAE,CAAC;IAC5D,KAAK,EAAE,SAAS,EAAE,OAAO,CAAC,CAAC,CAAC,EAAE,EAAE;QAC5B,yCAAyC;QACzC,IAAK,CAAC,CAAC,OAAkB,KAAK,aAAa,EAAE;YACxC,CAAC,CAAC,OAAkB,GAAG,aAAa,CAAC;SACzC;QAED,IAAI;YACA,IAAI,MAAM,GAAG,aAAa,CACtB,CAAC,CAAC,OAAO,2BAAe,EACxB,UAAU,EACV,CAAC,CAAC,QAAQ,gCAAkB,EAC5B,OAAO,EACP,QAAQ,CAAC,CAAC,CAAC,MAAM,IAAI,GAAG,CAAC,EACzB,QAAQ,CAAC,CAAC,CAAC,QAAQ,IAAI,GAAG,CAAC,EAC3B,KAAK,EACL,CAAC,CAAC,OAAO,IAAI,IAAA,kBAAU,EAAC,CAAC,CAAC,OAAO,2BAAe,CAAC,EACjD,QAAQ,CACX,CAAC;YACF,eAAO,CAAC,IAAI,CAAC,MAAM,CAAC,CAAC;YACrB,WAAW,CAAC,GAAG,CAAC,MAAM,CAAC,GAAG,EAAE,CAAC,CAAC,CAAC;SAClC;QAAC,OAAO,mBAAmB,EAAE;YAC1B,OAAO,CAAC,GAAG,CACP,yBAAyB,GAAG,CAAC,CAAC,OAAO,GAAG,gBAAgB,CAC3D,CAAC;SACL;IACL,CAAC,CAAC,CAAC;IACH,WAAW,CAAC,OAAO,CAAC,CAAC,KAAK,EAAE,GAAG,EAAE,EAAE;QAC/B,0BAA0B;QAC1B,IAAI,KAAK,CAAC,QAAQ,KAAK,SAAS,EAAE;YAC9B,GAAG,CAAC,YAAY,CAAC,KAAK,CAAC,QAAQ,CAAC,CAAC;SACpC;QAED,+BAA+B;QAC/B,IAAI,MAAM,GAAG,SAAS,CAAC;QACvB,IAAI,KAAK,CAAC,SAAS,EAAE;YACjB,MAAM,GAAG,eAAO,CAAC,MAAM,CAAC,KAAK,CAAC,SAAS,CAAC,CAAC;YACzC,IAAI,MAAM,EAAE;gBACR,GAAG,CAAC,aAAa,CAAC,MAAM,CAAC,GAAG,CAAC,CAAC;aACjC;SACJ;IACL,CAAC,CAAC,CAAC;AACP,CAAC;AAED,SAAS,mBAAmB;IACxB,OAAO,IAAI,CAAC,KAAK,CAAC,IAAI,CAAC,MAAM,EAAE,GAAG,CAAC,MAAM,CAAC,UAAU,GAAG,GAAG,CAAC,CAAC,CAAC;AACjE,CAAC;AAED,IAAI,MAAyB,EAAE,GAA6B,CAAC;AAE7D,SAAS,UAAU;IACf,MAAM,GAAG,QAAQ,CAAC,cAAc,CAAC,WAAW,CAAsB,CAAC;IACnE,IAAI,CAAC,MAAM,EAAE;QACT,OAAO,CAAC,GAAG,CAAC,kBAAkB,CAAC,CAAC;QAChC,OAAO;KACV;IACD,GAAG,GAAG,MAAM,CAAC,UAAU,CAAC,IAAI,CAA6B,CAAC;IAC1D,IAAI,CAAC,GAAG,EAAE;QACN,OAAO,CAAC,GAAG,CAAC,0BAA0B,CAAC,CAAC;QACxC,OAAO;KACV;IACD,GAAG,CAAC,MAAM,CAAC,KAAK,GAAG,MAAM,CAAC,UAAU,CAAC;IACrC,GAAG,CAAC,MAAM,CAAC,MAAM,GAAG,MAAM,CAAC,WAAW,CAAC;AAC3C,CAAC;AAED,mDAAmD;AACnD,SAAgB,WAAW,CACvB,UAAkB,EAClB,KAAY,EACZ,SAAyB,EACzB,QAAkB,EAClB,OAAgB,EAChB,OAAgB,EAChB,QAAyB;IAEzB,MAAM,UAAU,GAAW,mBAAmB,CAAC,OAAO,CAAC,CAAC;IACxD,IAAI,KAAK,GAAG,CAAC,CAAC;IACd,IAAI,CAAC,QAAQ,EAAE;QACX,QAAQ,GAAG,MAAM,CAAC,gBAAgB,EAAE,CAAC;KACxC;IACD,0BAA0B;IAC1B,MAAM,YAAY,GAAG,QAAQ,CAAC,cAAc,CAAC,YAAY,CAAC,CAAC;IAC3D,IAAI,KAAK,4BAAe,EAAE;QACtB,IAAI,UAAU,GAAG,EAAE,CAAC;QACpB,QAAQ,SAAS,EAAE;YACf;gBACI,UAAU,GAAG,MAAM,CAAC;gBACpB,MAAM;YACV;gBACI,UAAU,GAAG,OAAO,CAAC;gBACrB,MAAM;YACV,yCAAiC;YACjC;gBACI,UAAU,GAAG,OAAO,CAAC;gBACrB,MAAM;SACb;QAED,QAAQ,CAAC,IAAI,CAAC,KAAK,CAAC,eAAe,GAAG,QAAQ,UAAU,gBAAgB,KAAK,eAAe,UAAU,IAAI,OAAO,QAAQ,CAAC;QAC1H,oEAAoE;QACpE,YAAa,CAAC,KAAK,CAAC,eAAe,GAAG,QAAQ,UAAU,gBAAgB,KAAK,eAAe,UAAU,IAAI,OAAO,QAAQ,CAAC;QAE1H,KAAK,GAAG,cAAc,CAAC,OAAO,EAAE,KAAK,CAAC,CAAC,CAAC,yDAAyD;KACpG;SAAM;QACH,QAAQ,CAAC,IAAI,CAAC,KAAK,CAAC,eAAe,GAAG,EAAE,CAAC;QACzC,oEAAoE;QACpE,YAAa,CAAC,KAAK,CAAC,eAAe,GAAG,EAAE,CAAC;KAC5C;IAED,yEAAyE;IACzE,MAAM,OAAO,GAAW,GAAG,EACvB,OAAO,GAAW,GAAG,EACrB,QAAQ,GAAW,GAAG,EACtB,QAAQ,GAAW,IAAI,GAAG,EAAE,CAAC,CAAC,wBAAwB;IAC1D,IAAI,IAAI,GAAW,CAAC,CAAC,CAAC,YAAY;IAClC,IAAI,SAAoB,CAAC;IAEzB,SAAS,SAAS;QACd,IAAI,MAAM,EAAE;YACR,MAAM,CAAC,KAAK,CAAC,OAAO,GAAG,OAAO,CAAC;SAClC;QACD,SAAS,GAAG,IAAI,kBAAS,CAAC,GAAG,EAAE,GAAG,EAAE,CAAC,EAAE,CAAC,CAAC,CAAC;IAC9C,CAAC;IAED,SAAS,SAAS;QACd,IAAI,CAAC,SAAS,CAAC,MAAM,EAAE;YACnB,qBAAqB,CAAC,SAAS,CAAC,CAAC;SACpC;QAED,4BAA4B;QAC5B,MAAM,GAAG,GAAG,IAAI,CAAC,GAAG,EAAE,CAAC;QACvB,MAAM,OAAO,GAAG,GAAG,GAAG,IAAI,CAAC;QAC3B,IAAI,OAAO,IAAI,QAAQ,EAAE;YACrB,OAAO;SACV;QACD,IAAI,GAAG,GAAG,GAAG,CAAC,OAAO,GAAG,QAAQ,CAAC,CAAC;QAElC,GAAG,CAAC,SAAS,CAAC,CAAC,EAAE,CAAC,EAAE,MAAM,CAAC,KAAK,EAAE,MAAM,CAAC,MAAM,CAAC,CAAC;QAEjD,IAAI,SAAS,CAAC,EAAE,GAAG,UAAU,IAAI,MAAM,CAAC,KAAK,EAAE;YAC3C,SAAS,CAAC,EAAE,GAAG,CAAC,SAAS,CAAC,EAAE,GAAG,OAAO,CAAC;YACvC,SAAS,CAAC,EAAE,GAAG,MAAM,CAAC,KAAK,GAAG,UAAU,CAAC;SAC5C;aAAM,IAAI,SAAS,CAAC,EAAE,GAAG,UAAU,IAAI,CAAC,EAAE;YACvC,SAAS,CAAC,EAAE,GAAG,CAAC,SAAS,CAAC,EAAE,GAAG,OAAO,CAAC;YACvC,SAAS,CAAC,EAAE,GAAG,UAAU,CAAC;SAC7B;QACD,IAAI,SAAS,CAAC,EAAE,GAAG,UAAU,GAAG,KAAK,IAAI,MAAM,CAAC,MAAM,EAAE;YACpD,SAAS,CAAC,EAAE,GAAG,CAAC,SAAS,CAAC,EAAE,GAAG,OAAO,CAAC;YACvC,SAAS,CAAC,EAAE,GAAG,MAAM,CAAC,MAAM,GAAG,UAAU,GAAG,KAAK,CAAC;YAClD,gBAAgB;YAChB,SAAS,CAAC,EAAE,IAAI,QAAQ,CAAC;SAC5B;aAAM,IAAI,SAAS,CAAC,EAAE,GAAG,UAAU,IAAI,CAAC,EAAE;YACvC,SAAS,CAAC,EAAE,GAAG,CAAC,SAAS,CAAC,EAAE,GAAG,OAAO,CAAC;YACvC,SAAS,CAAC,EAAE,GAAG,UAAU,CAAC;SAC7B;QAED,SAAS,CAAC,EAAE,IAAI,OAAO,CAAC;QAExB,SAAS,CAAC,EAAE,IAAI,SAAS,CAAC,EAAE,CAAC;QAC7B,SAAS,CAAC,EAAE,IAAI,SAAS,CAAC,EAAE,CAAC;QAE7B,GAAG,CAAC,SAAS,EAAE,CAAC;QAChB,GAAG,CAAC,GAAG,CAAC,SAAS,CAAC,EAAE,EAAE,SAAS,CAAC,EAAE,EAAE,UAAU,EAAE,CAAC,EAAE,CAAC,GAAG,IAAI,CAAC,EAAE,EAAE,KAAK,CAAC,CAAC;QACvE,GAAG,CAAC,SAAS,GAAG,SAAS,CAAC;QAC1B,GAAG,CAAC,IAAI,EAAE,CAAC;IACf,CAAC;IAED,OAAO,CAAC,GAAG,CAAC,sBAAsB,EAAE,QAAQ,EAAE,UAAU,EAAE,OAAO,CAAC,CAAC;IACnE,cAAc;IACd,IAAI,KAAK,GAAG,QAAQ,CAAC,QAAQ,EAAE,CAAC;IAChC,IAAI,CAAC,KAAK,EAAE;QACR,OAAO,CAAC,GAAG,CAAC,mCAAmC,CAAC,CAAC;QACjD,UAAU,GAAG,CAAC,CAAC;QACf,eAAO,CAAC,IAAI,CACR,aAAa,CACT,OAAO,EACP,UAAU,EACV,QAAQ,EACR,OAAO,EACP,mBAAmB,EAAE,EACrB,KAAK,EACL,KAAK,EACL,IAAA,kBAAU,EAAC,OAAO,CAAC,EACnB,QAAQ,CACX,CACJ,CAAC;QACF,SAAS,CAAC,QAAQ,CAAC,CAAC;KACvB;SAAM;QACH,OAAO,CAAC,GAAG,CAAC,qBAAqB,EAAE,KAAK,CAAC,CAAC;QAC1C,YAAY,CAAC,UAAU,EAAE,OAAO,EAAE,KAAK,EAAE,QAAQ,CAAC,CAAC;KACtD;IAED,UAAU,EAAE,CAAC;IAEb,yDAAyD;IACzD,MAAM,CAAC,gBAAgB,CAAC,SAAS,EAAE,CAAC,KAAK,EAAQ,EAAE;QAC/C,MAAM,OAAO,GAAG,KAAK,CAAC,IAAI,CAAC,CAAC,wCAAwC;QACpE,QAAQ,OAAO,CAAC,OAAO,EAAE;YACrB,KAAK,YAAY;gBACb,SAAS,EAAE,CAAC;gBACZ,SAAS,EAAE,CAAC;gBACZ,eAAO,CAAC,IAAI,EAAE,CAAC,OAAO,CAAC,CAAC,KAAK,EAAE,EAAE;oBAC7B,IAAI,KAAK,CAAC,GAAG,CAAC,QAAQ,EAAE,EAAE;wBACtB,KAAK,CAAC,GAAG,CAAC,KAAK,CAAC,SAAS,EAAE,MAAM,CAAC,CAAC;qBACtC;gBACL,CAAC,CAAC,CAAC;gBACH,MAAM;YACV,KAAK,WAAW;gBACZ,eAAO,CAAC,IAAI,CACR,aAAa,CACT,OAAO,CAAC,IAAI,EACZ,UAAU,EACV,OAAO,CAAC,KAAK,EACb,OAAO,EACP,mBAAmB,EAAE,EACrB,KAAK,EACL,KAAK,EACL,OAAO,CAAC,IAAI,IAAI,IAAA,kBAAU,EAAC,OAAO,CAAC,IAAI,CAAC,EACxC,QAAQ,CACX,CACJ,CAAC;gBACF,SAAS,CAAC,QAAQ,CAAC,CAAC;gBACpB,MAAM;YAEV,KAAK,WAAW;gBACZ,IAAI,IAAI,GAAG,eAAO,CAAC,IAAI,EAAE,CAAC;gBAC1B,QAAQ,EAAE,WAAW,CAAC;oBAClB,OAAO,EAAE,WAAW;oBACpB,IAAI,EAAE,IAAI;yBACL,GAAG,CACA,CAAC,GAAG,EAAE,EAAE,CACJ,GAAG,GAAG,CAAC,IAAI,IAAI,GAAG,CAAC,GAAG,CAAC,IAAI,EAAE,IAAI,GAAG,CAAC,KAAK,EAAE,CACnD;yBACA,IAAI,CAAC,IAAI,CAAC;iBAClB,CAAC,CAAC;gBACH,MAAM;YAEV,KAAK,WAAW;gBACZ,IAAI,IAAI,GAAG,eAAO,CAAC,IAAI,EAAE,CAAC;gBAC1B,0BAA0B;gBAC1B,oCAAoC;gBACpC,IAAI,CAAC,OAAO,CAAC,CAAC,GAAG,EAAE,EAAE;oBACjB,QAAQ,EAAE,WAAW,CAAC;wBAClB,OAAO,EAAE,MAAM;wBACf,IAAI,EAAE,GAAG,GAAG,CAAC,GAAG,CAAC,KAAK,EAAE,IAAI,GAAG,CAAC,GAAG,CAAC,IAAI,EAAE,KACtC,GAAG,CAAC,KACR,IAAI,GAAG,CAAC,IAAI,MAAM,GAAG,CAAC,GAAG,CAAC,KAAK,EAAE,EAAE;qBACtC,CAAC,CAAC;gBACP,CAAC,CAAC,CAAC;YACP,KAAK,YAAY;gBACb,IAAI,GAAG,GAAG,eAAO,CAAC,MAAM,CAAC,OAAO,CAAC,IAAI,CAAC,CAAC;gBACvC,IAAI,GAAG,EAAE;oBACL,eAAO,CAAC,MAAM,CAAC,OAAO,CAAC,IAAI,CAAC,CAAC;oBAC7B,SAAS,CAAC,QAAQ,CAAC,CAAC;oBACpB,QAAQ,EAAE,WAAW,CAAC;wBAClB,OAAO,EAAE,MAAM;wBACf,IAAI,EAAE,iBAAiB,GAAG,OAAO,CAAC,IAAI;qBACzC,CAAC,CAAC;iBACN;qBAAM;oBACH,QAAQ,EAAE,WAAW,CAAC;wBAClB,OAAO,EAAE,OAAO;wBAChB,IAAI,EAAE,sBAAsB,OAAO,CAAC,IAAI,EAAE;qBAC7C,CAAC,CAAC;iBACN;gBACD,MAAM;YACV,KAAK,WAAW;gBACZ,eAAO,CAAC,KAAK,EAAE,CAAC;gBAChB,UAAU,GAAG,CAAC,CAAC;gBACf,SAAS,CAAC,QAAQ,CAAC,CAAC;gBACpB,MAAM;YACV,KAAK,WAAW;gBACZ,UAAU,GAAG,CAAC,CAAC;gBACf,SAAS,CAAC,QAAQ,CAAC,CAAC;gBACpB,MAAM;SACb;IACL,CAAC,CAAC,CAAC;AACP,CAAC;AAjND,kCAiNC;AACD,MAAM,CAAC,gBAAgB,CAAC,QAAQ,EAAE;IAC9B,UAAU,EAAE,CAAC;AACjB,CAAC,CAAC,CAAC"},"_coverageSchema":"1a1c01bbd47fc00a2c39e90264f33305004495a9","hash":"f8b90baa7fa8114feb85af28b87180ce03fd4714"}}